This is pdfTeX, Version 3.14159265-2.6-1.40.20 (MiKTeX 2.9.7050 64-bit) (preloaded format=pdflatex 2019.7.3)  29 AUG 2019 10:12
entering extended mode
**./MemoAdmin.tex
(MemoAdmin.tex
LaTeX2e <2018-12-01>

("C:\Users\h.houekpetodji\AppData\Local\Programs\MiKTeX 2.9\tex/latex/beamer\be
amer.cls"
Document Class: beamer 2018/12/02 v3.55 A class for typesetting presentations

("C:\Users\h.houekpetodji\AppData\Local\Programs\MiKTeX 2.9\tex/latex/beamer\be
amerbasemodes.sty"
("C:\Users\h.houekpetodji\AppData\Local\Programs\MiKTeX 2.9\tex/latex/etoolbox\
etoolbox.sty"
Package: etoolbox 2018/08/19 v2.5f e-TeX tools for LaTeX (JAW)
\etb@tempcnta=\count80
)
\beamer@tempbox=\box27
\beamer@tempcount=\count81
\c@beamerpauses=\count82

("C:\Users\h.houekpetodji\AppData\Local\Programs\MiKTeX 2.9\tex/latex/beamer\be
amerbasedecode.sty"
\beamer@slideinframe=\count83
\beamer@minimum=\count84
)
\beamer@commentbox=\box28
\beamer@modecount=\count85
)
("C:\Users\h.houekpetodji\AppData\Local\Programs\MiKTeX 2.9\tex/generic/oberdie
k\ifpdf.sty"
Package: ifpdf 2018/09/07 v3.3 Provides the ifpdf switch
)
\headdp=\dimen102
\footheight=\dimen103
\sidebarheight=\dimen104
\beamer@tempdim=\dimen105
\beamer@finalheight=\dimen106
\beamer@animht=\dimen107
\beamer@animdp=\dimen108
\beamer@animwd=\dimen109
\beamer@leftmargin=\dimen110
\beamer@rightmargin=\dimen111
\beamer@leftsidebar=\dimen112
\beamer@rightsidebar=\dimen113
\beamer@boxsize=\dimen114
\beamer@vboxoffset=\dimen115
\beamer@descdefault=\dimen116
\beamer@descriptionwidth=\dimen117
\beamer@lastskip=\skip41
\beamer@areabox=\box29
\beamer@animcurrent=\box30
\beamer@animshowbox=\box31
\beamer@sectionbox=\box32
\beamer@logobox=\box33
\beamer@linebox=\box34
\beamer@sectioncount=\count86
\beamer@subsubsectionmax=\count87
\beamer@subsectionmax=\count88
\beamer@sectionmax=\count89
\beamer@totalheads=\count90
\beamer@headcounter=\count91
\beamer@partstartpage=\count92
\beamer@sectionstartpage=\count93
\beamer@subsectionstartpage=\count94
\beamer@animationtempa=\count95
\beamer@animationtempb=\count96
\beamer@xpos=\count97
\beamer@ypos=\count98
\beamer@ypos@offset=\count99
\beamer@showpartnumber=\count100
\beamer@currentsubsection=\count101
\beamer@coveringdepth=\count102
\beamer@sectionadjust=\count103
\beamer@tocsectionnumber=\count104

("C:\Users\h.houekpetodji\AppData\Local\Programs\MiKTeX 2.9\tex/latex/beamer\be
amerbaseoptions.sty"
("C:\Users\h.houekpetodji\AppData\Local\Programs\MiKTeX 2.9\tex/latex/graphics\
keyval.sty"
Package: keyval 2014/10/28 v1.15 key=value parser (DPC)
\KV@toks@=\toks14
))
\beamer@paperwidth=\skip42
\beamer@paperheight=\skip43

("C:\Users\h.houekpetodji\AppData\Local\Programs\MiKTeX 2.9\tex/latex/geometry\
geometry.sty"
Package: geometry 2018/04/16 v5.8 Page Geometry

("C:\Users\h.houekpetodji\AppData\Local\Programs\MiKTeX 2.9\tex/generic/oberdie
k\ifvtex.sty"
Package: ifvtex 2016/05/16 v1.6 Detect VTeX and its facilities (HO)
Package ifvtex Info: VTeX not detected.
)
("C:\Users\h.houekpetodji\AppData\Local\Programs\MiKTeX 2.9\tex/generic/ifxetex
\ifxetex.sty"
Package: ifxetex 2010/09/12 v0.6 Provides ifxetex conditional
)
\Gm@cnth=\count105
\Gm@cntv=\count106
\c@Gm@tempcnt=\count107
\Gm@bindingoffset=\dimen118
\Gm@wd@mp=\dimen119
\Gm@odd@mp=\dimen120
\Gm@even@mp=\dimen121
\Gm@layoutwidth=\dimen122
\Gm@layoutheight=\dimen123
\Gm@layouthoffset=\dimen124
\Gm@layoutvoffset=\dimen125
\Gm@dimlist=\toks15

("C:\Users\h.houekpetodji\AppData\Local\Programs\MiKTeX 2.9\tex/latex/geometry\
geometry.cfg"))
("C:\Users\h.houekpetodji\AppData\Local\Programs\MiKTeX 2.9\tex/latex/base\size
11.clo"
File: size11.clo 2018/09/03 v1.4i Standard LaTeX file (size option)
)
("C:\Users\h.houekpetodji\AppData\Local\Programs\MiKTeX 2.9\tex/latex/pgf/basic
layer\pgfcore.sty"
("C:\Users\h.houekpetodji\AppData\Local\Programs\MiKTeX 2.9\tex/latex/graphics\
graphicx.sty"
Package: graphicx 2017/06/01 v1.1a Enhanced LaTeX Graphics (DPC,SPQR)

("C:\Users\h.houekpetodji\AppData\Local\Programs\MiKTeX 2.9\tex/latex/graphics\
graphics.sty"
Package: graphics 2017/06/25 v1.2c Standard LaTeX Graphics (DPC,SPQR)

("C:\Users\h.houekpetodji\AppData\Local\Programs\MiKTeX 2.9\tex/latex/graphics\
trig.sty"
Package: trig 2016/01/03 v1.10 sin cos tan (DPC)
)
("C:\Users\h.houekpetodji\AppData\Local\Programs\MiKTeX 2.9\tex/latex/graphics-
cfg\graphics.cfg"
File: graphics.cfg 2016/06/04 v1.11 sample graphics configuration
)
Package graphics Info: Driver file: pdftex.def on input line 99.

("C:\Users\h.houekpetodji\AppData\Local\Programs\MiKTeX 2.9\tex/latex/graphics-
def\pdftex.def"
File: pdftex.def 2018/01/08 v1.0l Graphics/color driver for pdftex
))
\Gin@req@height=\dimen126
\Gin@req@width=\dimen127
)
("C:\Users\h.houekpetodji\AppData\Local\Programs\MiKTeX 2.9\tex/latex/pgf/syste
mlayer\pgfsys.sty"
("C:\Users\h.houekpetodji\AppData\Local\Programs\MiKTeX 2.9\tex/latex/pgf/utili
ties\pgfrcs.sty"
("C:\Users\h.houekpetodji\AppData\Local\Programs\MiKTeX 2.9\tex/generic/pgf/uti
lities\pgfutil-common.tex"
\pgfutil@everybye=\toks16
\pgfutil@tempdima=\dimen128
\pgfutil@tempdimb=\dimen129

("C:\Users\h.houekpetodji\AppData\Local\Programs\MiKTeX 2.9\tex/generic/pgf/uti
lities\pgfutil-common-lists.tex"))
("C:\Users\h.houekpetodji\AppData\Local\Programs\MiKTeX 2.9\tex/generic/pgf/uti
lities\pgfutil-latex.def"
\pgfutil@abb=\box35

("C:\Users\h.houekpetodji\AppData\Local\Programs\MiKTeX 2.9\tex/latex/ms\everys
hi.sty"
Package: everyshi 2001/05/15 v3.00 EveryShipout Package (MS)
))
("C:\Users\h.houekpetodji\AppData\Local\Programs\MiKTeX 2.9\tex/generic/pgf/uti
lities\pgfrcs.code.tex"
("C:\Users\h.houekpetodji\AppData\Local\Programs\MiKTeX 2.9\tex/generic/pgf\pgf
.revision.tex")
Package: pgfrcs 2019/05/09 v3.1.3 (3.1.3)
))
("C:\Users\h.houekpetodji\AppData\Local\Programs\MiKTeX 2.9\tex/generic/pgf/sys
temlayer\pgfsys.code.tex"
Package: pgfsys 2019/05/09 v3.1.3 (3.1.3)

("C:\Users\h.houekpetodji\AppData\Local\Programs\MiKTeX 2.9\tex/generic/pgf/uti
lities\pgfkeys.code.tex"
\pgfkeys@pathtoks=\toks17
\pgfkeys@temptoks=\toks18

("C:\Users\h.houekpetodji\AppData\Local\Programs\MiKTeX 2.9\tex/generic/pgf/uti
lities\pgfkeysfiltered.code.tex"
\pgfkeys@tmptoks=\toks19
))
\pgf@x=\dimen130
\pgf@y=\dimen131
\pgf@xa=\dimen132
\pgf@ya=\dimen133
\pgf@xb=\dimen134
\pgf@yb=\dimen135
\pgf@xc=\dimen136
\pgf@yc=\dimen137
\pgf@xd=\dimen138
\pgf@yd=\dimen139
\w@pgf@writea=\write3
\r@pgf@reada=\read1
\c@pgf@counta=\count108
\c@pgf@countb=\count109
\c@pgf@countc=\count110
\c@pgf@countd=\count111
\t@pgf@toka=\toks20
\t@pgf@tokb=\toks21
\t@pgf@tokc=\toks22
\pgf@sys@id@count=\count112

("C:\Users\h.houekpetodji\AppData\Local\Programs\MiKTeX 2.9\tex/generic/pgf/sys
temlayer\pgf.cfg"
File: pgf.cfg 2019/05/09 v3.1.3 (3.1.3)
)
Driver file for pgf: pgfsys-pdftex.def

("C:\Users\h.houekpetodji\AppData\Local\Programs\MiKTeX 2.9\tex/generic/pgf/sys
temlayer\pgfsys-pdftex.def"
File: pgfsys-pdftex.def 2019/05/09 v3.1.3 (3.1.3)

("C:\Users\h.houekpetodji\AppData\Local\Programs\MiKTeX 2.9\tex/generic/pgf/sys
temlayer\pgfsys-common-pdf.def"
File: pgfsys-common-pdf.def 2019/05/09 v3.1.3 (3.1.3)
)))
("C:\Users\h.houekpetodji\AppData\Local\Programs\MiKTeX 2.9\tex/generic/pgf/sys
temlayer\pgfsyssoftpath.code.tex"
File: pgfsyssoftpath.code.tex 2019/05/09 v3.1.3 (3.1.3)
\pgfsyssoftpath@smallbuffer@items=\count113
\pgfsyssoftpath@bigbuffer@items=\count114
)
("C:\Users\h.houekpetodji\AppData\Local\Programs\MiKTeX 2.9\tex/generic/pgf/sys
temlayer\pgfsysprotocol.code.tex"
File: pgfsysprotocol.code.tex 2019/05/09 v3.1.3 (3.1.3)
))
("C:\Users\h.houekpetodji\AppData\Local\Programs\MiKTeX 2.9\tex/latex/xcolor\xc
olor.sty"
Package: xcolor 2016/05/11 v2.12 LaTeX color extensions (UK)

("C:\Users\h.houekpetodji\AppData\Local\Programs\MiKTeX 2.9\tex/latex/graphics-
cfg\color.cfg"
File: color.cfg 2016/01/02 v1.6 sample color configuration
)
Package xcolor Info: Driver file: pdftex.def on input line 225.
Package xcolor Info: Model `cmy' substituted by `cmy0' on input line 1348.
Package xcolor Info: Model `hsb' substituted by `rgb' on input line 1352.
Package xcolor Info: Model `RGB' extended on input line 1364.
Package xcolor Info: Model `HTML' substituted by `rgb' on input line 1366.
Package xcolor Info: Model `Hsb' substituted by `hsb' on input line 1367.
Package xcolor Info: Model `tHsb' substituted by `hsb' on input line 1368.
Package xcolor Info: Model `HSB' substituted by `hsb' on input line 1369.
Package xcolor Info: Model `Gray' substituted by `gray' on input line 1370.
Package xcolor Info: Model `wave' substituted by `hsb' on input line 1371.
)
("C:\Users\h.houekpetodji\AppData\Local\Programs\MiKTeX 2.9\tex/generic/pgf/bas
iclayer\pgfcore.code.tex"
Package: pgfcore 2019/05/09 v3.1.3 (3.1.3)

("C:\Users\h.houekpetodji\AppData\Local\Programs\MiKTeX 2.9\tex/generic/pgf/mat
h\pgfmath.code.tex"
("C:\Users\h.houekpetodji\AppData\Local\Programs\MiKTeX 2.9\tex/generic/pgf/mat
h\pgfmathcalc.code.tex"
("C:\Users\h.houekpetodji\AppData\Local\Programs\MiKTeX 2.9\tex/generic/pgf/mat
h\pgfmathutil.code.tex")
("C:\Users\h.houekpetodji\AppData\Local\Programs\MiKTeX 2.9\tex/generic/pgf/mat
h\pgfmathparser.code.tex"
\pgfmath@dimen=\dimen140
\pgfmath@count=\count115
\pgfmath@box=\box36
\pgfmath@toks=\toks23
\pgfmath@stack@operand=\toks24
\pgfmath@stack@operation=\toks25
)
("C:\Users\h.houekpetodji\AppData\Local\Programs\MiKTeX 2.9\tex/generic/pgf/mat
h\pgfmathfunctions.code.tex"
("C:\Users\h.houekpetodji\AppData\Local\Programs\MiKTeX 2.9\tex/generic/pgf/mat
h\pgfmathfunctions.basic.code.tex")
("C:\Users\h.houekpetodji\AppData\Local\Programs\MiKTeX 2.9\tex/generic/pgf/mat
h\pgfmathfunctions.trigonometric.code.tex")
("C:\Users\h.houekpetodji\AppData\Local\Programs\MiKTeX 2.9\tex/generic/pgf/mat
h\pgfmathfunctions.random.code.tex")
("C:\Users\h.houekpetodji\AppData\Local\Programs\MiKTeX 2.9\tex/generic/pgf/mat
h\pgfmathfunctions.comparison.code.tex")
("C:\Users\h.houekpetodji\AppData\Local\Programs\MiKTeX 2.9\tex/generic/pgf/mat
h\pgfmathfunctions.base.code.tex")
("C:\Users\h.houekpetodji\AppData\Local\Programs\MiKTeX 2.9\tex/generic/pgf/mat
h\pgfmathfunctions.round.code.tex")
("C:\Users\h.houekpetodji\AppData\Local\Programs\MiKTeX 2.9\tex/generic/pgf/mat
h\pgfmathfunctions.misc.code.tex")
("C:\Users\h.houekpetodji\AppData\Local\Programs\MiKTeX 2.9\tex/generic/pgf/mat
h\pgfmathfunctions.integerarithmetics.code.tex")))
("C:\Users\h.houekpetodji\AppData\Local\Programs\MiKTeX 2.9\tex/generic/pgf/mat
h\pgfmathfloat.code.tex"
\c@pgfmathroundto@lastzeros=\count116
))
("C:\Users\h.houekpetodji\AppData\Local\Programs\MiKTeX 2.9\tex/generic/pgf/mat
h\pgfint.code.tex")
("C:\Users\h.houekpetodji\AppData\Local\Programs\MiKTeX 2.9\tex/generic/pgf/bas
iclayer\pgfcorepoints.code.tex"
File: pgfcorepoints.code.tex 2019/05/09 v3.1.3 (3.1.3)
\pgf@picminx=\dimen141
\pgf@picmaxx=\dimen142
\pgf@picminy=\dimen143
\pgf@picmaxy=\dimen144
\pgf@pathminx=\dimen145
\pgf@pathmaxx=\dimen146
\pgf@pathminy=\dimen147
\pgf@pathmaxy=\dimen148
\pgf@xx=\dimen149
\pgf@xy=\dimen150
\pgf@yx=\dimen151
\pgf@yy=\dimen152
\pgf@zx=\dimen153
\pgf@zy=\dimen154
)
("C:\Users\h.houekpetodji\AppData\Local\Programs\MiKTeX 2.9\tex/generic/pgf/bas
iclayer\pgfcorepathconstruct.code.tex"
File: pgfcorepathconstruct.code.tex 2019/05/09 v3.1.3 (3.1.3)
\pgf@path@lastx=\dimen155
\pgf@path@lasty=\dimen156
)
("C:\Users\h.houekpetodji\AppData\Local\Programs\MiKTeX 2.9\tex/generic/pgf/bas
iclayer\pgfcorepathusage.code.tex"
File: pgfcorepathusage.code.tex 2019/05/09 v3.1.3 (3.1.3)
\pgf@shorten@end@additional=\dimen157
\pgf@shorten@start@additional=\dimen158
)
("C:\Users\h.houekpetodji\AppData\Local\Programs\MiKTeX 2.9\tex/generic/pgf/bas
iclayer\pgfcorescopes.code.tex"
File: pgfcorescopes.code.tex 2019/05/09 v3.1.3 (3.1.3)
\pgfpic=\box37
\pgf@hbox=\box38
\pgf@layerbox@main=\box39
\pgf@picture@serial@count=\count117
)
("C:\Users\h.houekpetodji\AppData\Local\Programs\MiKTeX 2.9\tex/generic/pgf/bas
iclayer\pgfcoregraphicstate.code.tex"
File: pgfcoregraphicstate.code.tex 2019/05/09 v3.1.3 (3.1.3)
\pgflinewidth=\dimen159
)
("C:\Users\h.houekpetodji\AppData\Local\Programs\MiKTeX 2.9\tex/generic/pgf/bas
iclayer\pgfcoretransformations.code.tex"
File: pgfcoretransformations.code.tex 2019/05/09 v3.1.3 (3.1.3)
\pgf@pt@x=\dimen160
\pgf@pt@y=\dimen161
\pgf@pt@temp=\dimen162
)
("C:\Users\h.houekpetodji\AppData\Local\Programs\MiKTeX 2.9\tex/generic/pgf/bas
iclayer\pgfcorequick.code.tex"
File: pgfcorequick.code.tex 2019/05/09 v3.1.3 (3.1.3)
)
("C:\Users\h.houekpetodji\AppData\Local\Programs\MiKTeX 2.9\tex/generic/pgf/bas
iclayer\pgfcoreobjects.code.tex"
File: pgfcoreobjects.code.tex 2019/05/09 v3.1.3 (3.1.3)
)
("C:\Users\h.houekpetodji\AppData\Local\Programs\MiKTeX 2.9\tex/generic/pgf/bas
iclayer\pgfcorepathprocessing.code.tex"
File: pgfcorepathprocessing.code.tex 2019/05/09 v3.1.3 (3.1.3)
)
("C:\Users\h.houekpetodji\AppData\Local\Programs\MiKTeX 2.9\tex/generic/pgf/bas
iclayer\pgfcorearrows.code.tex"
File: pgfcorearrows.code.tex 2019/05/09 v3.1.3 (3.1.3)
\pgfarrowsep=\dimen163
)
("C:\Users\h.houekpetodji\AppData\Local\Programs\MiKTeX 2.9\tex/generic/pgf/bas
iclayer\pgfcoreshade.code.tex"
File: pgfcoreshade.code.tex 2019/05/09 v3.1.3 (3.1.3)
\pgf@max=\dimen164
\pgf@sys@shading@range@num=\count118
\pgf@shadingcount=\count119
)
("C:\Users\h.houekpetodji\AppData\Local\Programs\MiKTeX 2.9\tex/generic/pgf/bas
iclayer\pgfcoreimage.code.tex"
File: pgfcoreimage.code.tex 2019/05/09 v3.1.3 (3.1.3)

("C:\Users\h.houekpetodji\AppData\Local\Programs\MiKTeX 2.9\tex/generic/pgf/bas
iclayer\pgfcoreexternal.code.tex"
File: pgfcoreexternal.code.tex 2019/05/09 v3.1.3 (3.1.3)
\pgfexternal@startupbox=\box40
))
("C:\Users\h.houekpetodji\AppData\Local\Programs\MiKTeX 2.9\tex/generic/pgf/bas
iclayer\pgfcorelayers.code.tex"
File: pgfcorelayers.code.tex 2019/05/09 v3.1.3 (3.1.3)
)
("C:\Users\h.houekpetodji\AppData\Local\Programs\MiKTeX 2.9\tex/generic/pgf/bas
iclayer\pgfcoretransparency.code.tex"
File: pgfcoretransparency.code.tex 2019/05/09 v3.1.3 (3.1.3)
)
("C:\Users\h.houekpetodji\AppData\Local\Programs\MiKTeX 2.9\tex/generic/pgf/bas
iclayer\pgfcorepatterns.code.tex"
File: pgfcorepatterns.code.tex 2019/05/09 v3.1.3 (3.1.3)
)
("C:\Users\h.houekpetodji\AppData\Local\Programs\MiKTeX 2.9\tex/generic/pgf/bas
iclayer\pgfcorerdf.code.tex"
File: pgfcorerdf.code.tex 2019/05/09 v3.1.3 (3.1.3)
)))
("C:\Users\h.houekpetodji\AppData\Local\Programs\MiKTeX 2.9\tex/latex/pgf/utili
ties\xxcolor.sty"
Package: xxcolor 2003/10/24 ver 0.1
\XC@nummixins=\count120
\XC@countmixins=\count121
)
("C:\Users\h.houekpetodji\AppData\Local\Programs\MiKTeX 2.9\tex/generic/oberdie
k\atbegshi.sty"
Package: atbegshi 2016/06/09 v1.18 At begin shipout hook (HO)

("C:\Users\h.houekpetodji\AppData\Local\Programs\MiKTeX 2.9\tex/generic/oberdie
k\infwarerr.sty"
Package: infwarerr 2016/05/16 v1.4 Providing info/warning/error messages (HO)
)
("C:\Users\h.houekpetodji\AppData\Local\Programs\MiKTeX 2.9\tex/generic/oberdie
k\ltxcmds.sty"
Package: ltxcmds 2016/05/16 v1.23 LaTeX kernel commands for general use (HO)
))
("C:\Users\h.houekpetodji\AppData\Local\Programs\MiKTeX 2.9\tex/latex/hyperref\
hyperref.sty"
Package: hyperref 2018/11/30 v6.88e Hypertext links for LaTeX

("C:\Users\h.houekpetodji\AppData\Local\Programs\MiKTeX 2.9\tex/generic/oberdie
k\hobsub-hyperref.sty"
Package: hobsub-hyperref 2016/05/16 v1.14 Bundle oberdiek, subset hyperref (HO)


("C:\Users\h.houekpetodji\AppData\Local\Programs\MiKTeX 2.9\tex/generic/oberdie
k\hobsub-generic.sty"
Package: hobsub-generic 2016/05/16 v1.14 Bundle oberdiek, subset generic (HO)
Package: hobsub 2016/05/16 v1.14 Construct package bundles (HO)
Package hobsub Info: Skipping package `infwarerr' (already loaded).
Package hobsub Info: Skipping package `ltxcmds' (already loaded).
Package: ifluatex 2016/05/16 v1.4 Provides the ifluatex switch (HO)
Package ifluatex Info: LuaTeX not detected.
Package hobsub Info: Skipping package `ifvtex' (already loaded).
Package: intcalc 2016/05/16 v1.2 Expandable calculations with integers (HO)
Package hobsub Info: Skipping package `ifpdf' (already loaded).
Package: etexcmds 2016/05/16 v1.6 Avoid name clashes with e-TeX commands (HO)
Package: kvsetkeys 2016/05/16 v1.17 Key value parser (HO)
Package: kvdefinekeys 2016/05/16 v1.4 Define keys (HO)
Package: pdftexcmds 2018/09/10 v0.29 Utility functions of pdfTeX for LuaTeX (HO
)
Package pdftexcmds Info: LuaTeX not detected.
Package pdftexcmds Info: \pdf@primitive is available.
Package pdftexcmds Info: \pdf@ifprimitive is available.
Package pdftexcmds Info: \pdfdraftmode found.
Package: pdfescape 2016/05/16 v1.14 Implements pdfTeX's escape features (HO)
Package: bigintcalc 2016/05/16 v1.4 Expandable calculations on big integers (HO
)
Package: bitset 2016/05/16 v1.2 Handle bit-vector datatype (HO)
Package: uniquecounter 2016/05/16 v1.3 Provide unlimited unique counter (HO)
)
Package hobsub Info: Skipping package `hobsub' (already loaded).
Package: letltxmacro 2016/05/16 v1.5 Let assignment for LaTeX macros (HO)
Package: hopatch 2016/05/16 v1.3 Wrapper for package hooks (HO)
Package: xcolor-patch 2016/05/16 xcolor patch
Package: atveryend 2016/05/16 v1.9 Hooks at the very end of document (HO)
Package hobsub Info: Skipping package `atbegshi' (already loaded).
Package: refcount 2016/05/16 v3.5 Data extraction from label references (HO)
Package: hycolor 2016/05/16 v1.8 Color options for hyperref/bookmark (HO)
)
("C:\Users\h.houekpetodji\AppData\Local\Programs\MiKTeX 2.9\tex/latex/oberdiek\
auxhook.sty"
Package: auxhook 2016/05/16 v1.4 Hooks for auxiliary files (HO)
)
("C:\Users\h.houekpetodji\AppData\Local\Programs\MiKTeX 2.9\tex/latex/oberdiek\
kvoptions.sty"
Package: kvoptions 2016/05/16 v3.12 Key value format for package options (HO)
)
\@linkdim=\dimen165
\Hy@linkcounter=\count122
\Hy@pagecounter=\count123

("C:\Users\h.houekpetodji\AppData\Local\Programs\MiKTeX 2.9\tex/latex/hyperref\
pd1enc.def"
File: pd1enc.def 2018/11/30 v6.88e Hyperref: PDFDocEncoding definition (HO)
Now handling font encoding PD1 ...
... no UTF-8 mapping file for font encoding PD1
)
\Hy@SavedSpaceFactor=\count124

("C:\Users\h.houekpetodji\AppData\Local\Programs\MiKTeX 2.9\tex/latex/00miktex\
hyperref.cfg"
File: hyperref.cfg 2002/06/06 v1.2 hyperref configuration of TeXLive
)
Package hyperref Info: Option `bookmarks' set `true' on input line 4393.
Package hyperref Info: Option `bookmarksopen' set `true' on input line 4393.
Package hyperref Info: Option `implicit' set `false' on input line 4393.
Package hyperref Info: Hyper figures OFF on input line 4519.
Package hyperref Info: Link nesting OFF on input line 4524.
Package hyperref Info: Hyper index ON on input line 4527.
Package hyperref Info: Plain pages OFF on input line 4534.
Package hyperref Info: Backreferencing OFF on input line 4539.
Package hyperref Info: Implicit mode OFF; no redefinition of LaTeX internals.
Package hyperref Info: Bookmarks ON on input line 4772.
\c@Hy@tempcnt=\count125

("C:\Users\h.houekpetodji\AppData\Local\Programs\MiKTeX 2.9\tex/latex/url\url.s
ty"
\Urlmuskip=\muskip10
Package: url 2013/09/16  ver 3.4  Verb mode for urls, etc.
)
LaTeX Info: Redefining \url on input line 5125.
\XeTeXLinkMargin=\dimen166
\Fld@menulength=\count126
\Field@Width=\dimen167
\Fld@charsize=\dimen168
Package hyperref Info: Hyper figures OFF on input line 6380.
Package hyperref Info: Link nesting OFF on input line 6385.
Package hyperref Info: Hyper index ON on input line 6388.
Package hyperref Info: backreferencing OFF on input line 6395.
Package hyperref Info: Link coloring OFF on input line 6400.
Package hyperref Info: Link coloring with OCG OFF on input line 6405.
Package hyperref Info: PDF/A mode OFF on input line 6410.
LaTeX Info: Redefining \ref on input line 6450.
LaTeX Info: Redefining \pageref on input line 6454.
\Hy@abspage=\count127


Package hyperref Message: Stopped early.

)
Package hyperref Info: Driver (autodetected): hpdftex.

("C:\Users\h.houekpetodji\AppData\Local\Programs\MiKTeX 2.9\tex/latex/hyperref\
hpdftex.def"
File: hpdftex.def 2018/11/30 v6.88e Hyperref driver for pdfTeX
\Fld@listcount=\count128
\c@bookmark@seq@number=\count129

("C:\Users\h.houekpetodji\AppData\Local\Programs\MiKTeX 2.9\tex/latex/oberdiek\
rerunfilecheck.sty"
Package: rerunfilecheck 2016/05/16 v1.8 Rerun checks for auxiliary files (HO)
Package uniquecounter Info: New unique counter `rerunfilecheck' on input line 2
82.
))
("C:\Users\h.houekpetodji\AppData\Local\Programs\MiKTeX 2.9\tex/latex/beamer\be
amerbaserequires.sty"
("C:\Users\h.houekpetodji\AppData\Local\Programs\MiKTeX 2.9\tex/latex/beamer\be
amerbasecompatibility.sty")
("C:\Users\h.houekpetodji\AppData\Local\Programs\MiKTeX 2.9\tex/latex/beamer\be
amerbasefont.sty"
("C:\Users\h.houekpetodji\AppData\Local\Programs\MiKTeX 2.9\tex/latex/amsfonts\
amssymb.sty"
Package: amssymb 2013/01/14 v3.01 AMS font symbols

("C:\Users\h.houekpetodji\AppData\Local\Programs\MiKTeX 2.9\tex/latex/amsfonts\
amsfonts.sty"
Package: amsfonts 2013/01/14 v3.01 Basic AMSFonts support
\@emptytoks=\toks26
\symAMSa=\mathgroup4
\symAMSb=\mathgroup5
LaTeX Font Info:    Overwriting math alphabet `\mathfrak' in version `bold'
(Font)                  U/euf/m/n --> U/euf/b/n on input line 106.
))
("C:\Users\h.houekpetodji\AppData\Local\Programs\MiKTeX 2.9\tex/latex/sansmatha
ccent\sansmathaccent.sty"
Package: sansmathaccent 2013/03/28

("C:\Users\h.houekpetodji\AppData\Local\Programs\MiKTeX 2.9\tex/latex/filehook\
filehook.sty"
Package: filehook 2011/10/12 v0.5d Hooks for input files
)))
("C:\Users\h.houekpetodji\AppData\Local\Programs\MiKTeX 2.9\tex/latex/beamer\be
amerbasetranslator.sty"
("C:\Users\h.houekpetodji\AppData\Local\Programs\MiKTeX 2.9\tex/latex/translato
r\translator.sty"
Package: translator 2019-05-31 v1.12a Easy translation of strings in LaTeX
))
("C:\Users\h.houekpetodji\AppData\Local\Programs\MiKTeX 2.9\tex/latex/beamer\be
amerbasemisc.sty")
("C:\Users\h.houekpetodji\AppData\Local\Programs\MiKTeX 2.9\tex/latex/beamer\be
amerbasetwoscreens.sty")
("C:\Users\h.houekpetodji\AppData\Local\Programs\MiKTeX 2.9\tex/latex/beamer\be
amerbaseoverlay.sty"
\beamer@argscount=\count130
\beamer@lastskipcover=\skip44
\beamer@trivlistdepth=\count131
)
("C:\Users\h.houekpetodji\AppData\Local\Programs\MiKTeX 2.9\tex/latex/beamer\be
amerbasetitle.sty")
("C:\Users\h.houekpetodji\AppData\Local\Programs\MiKTeX 2.9\tex/latex/beamer\be
amerbasesection.sty"
\c@lecture=\count132
\c@part=\count133
\c@section=\count134
\c@subsection=\count135
\c@subsubsection=\count136
)
("C:\Users\h.houekpetodji\AppData\Local\Programs\MiKTeX 2.9\tex/latex/beamer\be
amerbaseframe.sty"
\beamer@framebox=\box41
\beamer@frametitlebox=\box42
\beamer@zoombox=\box43
\beamer@zoomcount=\count137
\beamer@zoomframecount=\count138
\beamer@frametextheight=\dimen169
\c@subsectionslide=\count139
\beamer@frametopskip=\skip45
\beamer@framebottomskip=\skip46
\beamer@frametopskipautobreak=\skip47
\beamer@framebottomskipautobreak=\skip48
\beamer@envbody=\toks27
\framewidth=\dimen170
\c@framenumber=\count140
)
("C:\Users\h.houekpetodji\AppData\Local\Programs\MiKTeX 2.9\tex/latex/beamer\be
amerbaseverbatim.sty"
\beamer@verbatimfileout=\write4
)
("C:\Users\h.houekpetodji\AppData\Local\Programs\MiKTeX 2.9\tex/latex/beamer\be
amerbaseframesize.sty"
\beamer@splitbox=\box44
\beamer@autobreakcount=\count141
\beamer@autobreaklastheight=\dimen171
\beamer@frametitletoks=\toks28
\beamer@framesubtitletoks=\toks29
)
("C:\Users\h.houekpetodji\AppData\Local\Programs\MiKTeX 2.9\tex/latex/beamer\be
amerbaseframecomponents.sty"
\beamer@footins=\box45
)
("C:\Users\h.houekpetodji\AppData\Local\Programs\MiKTeX 2.9\tex/latex/beamer\be
amerbasecolor.sty")
("C:\Users\h.houekpetodji\AppData\Local\Programs\MiKTeX 2.9\tex/latex/beamer\be
amerbasenotes.sty"
\beamer@frameboxcopy=\box46
)
("C:\Users\h.houekpetodji\AppData\Local\Programs\MiKTeX 2.9\tex/latex/beamer\be
amerbasetoc.sty")
("C:\Users\h.houekpetodji\AppData\Local\Programs\MiKTeX 2.9\tex/latex/beamer\be
amerbasetemplates.sty"
\beamer@sbttoks=\toks30

("C:\Users\h.houekpetodji\AppData\Local\Programs\MiKTeX 2.9\tex/latex/beamer\be
amerbaseauxtemplates.sty"
("C:\Users\h.houekpetodji\AppData\Local\Programs\MiKTeX 2.9\tex/latex/beamer\be
amerbaseboxes.sty"
\bmb@box=\box47
\bmb@colorbox=\box48
\bmb@boxshadow=\box49
\bmb@boxshadowball=\box50
\bmb@boxshadowballlarge=\box51
\bmb@temp=\dimen172
\bmb@dima=\dimen173
\bmb@dimb=\dimen174
\bmb@prevheight=\dimen175
)
\beamer@blockheadheight=\dimen176
))
("C:\Users\h.houekpetodji\AppData\Local\Programs\MiKTeX 2.9\tex/latex/beamer\be
amerbaselocalstructure.sty"
("C:\Users\h.houekpetodji\AppData\Local\Programs\MiKTeX 2.9\tex/latex/tools\enu
merate.sty"
Package: enumerate 2015/07/23 v3.00 enumerate extensions (DPC)
\@enLab=\toks31
)
\c@figure=\count142
\c@table=\count143
\abovecaptionskip=\skip49
\belowcaptionskip=\skip50
)
("C:\Users\h.houekpetodji\AppData\Local\Programs\MiKTeX 2.9\tex/latex/beamer\be
amerbasenavigation.sty"
\beamer@section@min@dim=\dimen177
)
("C:\Users\h.houekpetodji\AppData\Local\Programs\MiKTeX 2.9\tex/latex/beamer\be
amerbasetheorems.sty"
("C:\Users\h.houekpetodji\AppData\Local\Programs\MiKTeX 2.9\tex/latex/amsmath\a
msmath.sty"
Package: amsmath 2018/12/01 v2.17b AMS math features
\@mathmargin=\skip51

For additional information on amsmath, use the `?' option.

("C:\Users\h.houekpetodji\AppData\Local\Programs\MiKTeX 2.9\tex/latex/amsmath\a
mstext.sty"
Package: amstext 2000/06/29 v2.01 AMS text

("C:\Users\h.houekpetodji\AppData\Local\Programs\MiKTeX 2.9\tex/latex/amsmath\a
msgen.sty"
File: amsgen.sty 1999/11/30 v2.0 generic functions
\@emptytoks=\toks32
\ex@=\dimen178
))
("C:\Users\h.houekpetodji\AppData\Local\Programs\MiKTeX 2.9\tex/latex/amsmath\a
msbsy.sty"
Package: amsbsy 1999/11/29 v1.2d Bold Symbols
\pmbraise@=\dimen179
)
("C:\Users\h.houekpetodji\AppData\Local\Programs\MiKTeX 2.9\tex/latex/amsmath\a
msopn.sty"
Package: amsopn 2016/03/08 v2.02 operator names
)
\inf@bad=\count144
LaTeX Info: Redefining \frac on input line 223.
\uproot@=\count145
\leftroot@=\count146
LaTeX Info: Redefining \overline on input line 385.
\classnum@=\count147
\DOTSCASE@=\count148
LaTeX Info: Redefining \ldots on input line 482.
LaTeX Info: Redefining \dots on input line 485.
LaTeX Info: Redefining \cdots on input line 606.
\Mathstrutbox@=\box52
\strutbox@=\box53
\big@size=\dimen180
LaTeX Font Info:    Redeclaring font encoding OML on input line 729.
LaTeX Font Info:    Redeclaring font encoding OMS on input line 730.
\macc@depth=\count149
\c@MaxMatrixCols=\count150
\dotsspace@=\muskip11
\c@parentequation=\count151
\dspbrk@lvl=\count152
\tag@help=\toks33
\row@=\count153
\column@=\count154
\maxfields@=\count155
\andhelp@=\toks34
\eqnshift@=\dimen181
\alignsep@=\dimen182
\tagshift@=\dimen183
\tagwidth@=\dimen184
\totwidth@=\dimen185
\lineht@=\dimen186
\@envbody=\toks35
\multlinegap=\skip52
\multlinetaggap=\skip53
\mathdisplay@stack=\toks36
LaTeX Info: Redefining \[ on input line 2844.
LaTeX Info: Redefining \] on input line 2845.
)
("C:\Users\h.houekpetodji\AppData\Local\Programs\MiKTeX 2.9\tex/latex/amscls\am
sthm.sty"
Package: amsthm 2017/10/31 v2.20.4
\thm@style=\toks37
\thm@bodyfont=\toks38
\thm@headfont=\toks39
\thm@notefont=\toks40
\thm@headpunct=\toks41
\thm@preskip=\skip54
\thm@postskip=\skip55
\thm@headsep=\skip56
\dth@everypar=\toks42
)
\c@theorem=\count156
)
("C:\Users\h.houekpetodji\AppData\Local\Programs\MiKTeX 2.9\tex/latex/beamer\be
amerbasethemes.sty"))
("C:\Users\h.houekpetodji\AppData\Local\Programs\MiKTeX 2.9\tex/latex/beamer\be
amerthemedefault.sty"
("C:\Users\h.houekpetodji\AppData\Local\Programs\MiKTeX 2.9\tex/latex/beamer\be
amerfontthemedefault.sty")
("C:\Users\h.houekpetodji\AppData\Local\Programs\MiKTeX 2.9\tex/latex/beamer\be
amercolorthemedefault.sty")
("C:\Users\h.houekpetodji\AppData\Local\Programs\MiKTeX 2.9\tex/latex/beamer\be
amerinnerthemedefault.sty"
\beamer@dima=\dimen187
\beamer@dimb=\dimen188
)
("C:\Users\h.houekpetodji\AppData\Local\Programs\MiKTeX 2.9\tex/latex/beamer\be
amerouterthemedefault.sty")))
("C:\Users\h.houekpetodji\AppData\Local\Programs\MiKTeX 2.9\tex/latex/base\inpu
tenc.sty"
Package: inputenc 2018/08/11 v1.3c Input encoding file
\inpenc@prehook=\toks43
\inpenc@posthook=\toks44
)
("C:\Users\h.houekpetodji\AppData\Local\Programs\MiKTeX 2.9\tex/latex/psnfss\ut
opia.sty"
Package: utopia 2005/04/12 PSNFSS-v9.2a (P.Dyballa) 


Package utopia Warning: This package is to be regarded as obsolete.
(utopia)                See the PSNFSS documentation.

)
("C:\Users\h.houekpetodji\AppData\Local\Programs\MiKTeX 2.9\tex/latex/beamer\be
amerthemeDefault.sty")
("C:\Users\h.houekpetodji\AppData\Local\Programs\MiKTeX 2.9\tex/latex/beamer\be
amercolorthemeseahorse.sty")
("C:\Users\h.houekpetodji\AppData\Local\Programs\MiKTeX 2.9\tex/latex/scalerel\
scalerel.sty"
Package: scalerel 2016/12/29 v1.8 Routines for constrained scaling and stretchi
ng of objects, relative to a reference object or in absolute terms

("C:\Users\h.houekpetodji\AppData\Local\Programs\MiKTeX 2.9\tex/latex/tools\cal
c.sty"
Package: calc 2017/05/25 v4.3 Infix arithmetic (KKT,FJ)
\calc@Acount=\count157
\calc@Bcount=\count158
\calc@Adimen=\dimen189
\calc@Bdimen=\dimen190
\calc@Askip=\skip57
\calc@Bskip=\skip58
LaTeX Info: Redefining \setlength on input line 80.
LaTeX Info: Redefining \addtolength on input line 81.
\calc@Ccount=\count159
\calc@Cskip=\skip59
)
\thesrwidth=\skip60
\thesrheight=\skip61
\srblobheight=\skip62
\srblobdepth=\skip63
\mnxsrwidth=\skip64
\LMex=\skip65
\LMpt=\skip66
) (MemoAdmin.aux)
\openout1 = `MemoAdmin.aux'.

LaTeX Font Info:    Checking defaults for OML/cmm/m/it on input line 45.
LaTeX Font Info:    ... okay on input line 45.
LaTeX Font Info:    Checking defaults for T1/cmr/m/n on input line 45.
LaTeX Font Info:    ... okay on input line 45.
LaTeX Font Info:    Checking defaults for OT1/cmr/m/n on input line 45.
LaTeX Font Info:    ... okay on input line 45.
LaTeX Font Info:    Checking defaults for OMS/cmsy/m/n on input line 45.
LaTeX Font Info:    ... okay on input line 45.
LaTeX Font Info:    Checking defaults for OMX/cmex/m/n on input line 45.
LaTeX Font Info:    ... okay on input line 45.
LaTeX Font Info:    Checking defaults for U/cmr/m/n on input line 45.
LaTeX Font Info:    ... okay on input line 45.
LaTeX Font Info:    Checking defaults for PD1/pdf/m/n on input line 45.
LaTeX Font Info:    ... okay on input line 45.

*geometry* driver: auto-detecting
*geometry* detected driver: pdftex
*geometry* verbose mode - [ preamble ] result:
* driver: pdftex
* paper: custom
* layout: <same size as paper>
* layoutoffset:(h,v)=(0.0pt,0.0pt)
* modes: includehead includefoot 
* h-part:(L,W,R)=(28.45274pt, 307.28987pt, 28.45274pt)
* v-part:(T,H,B)=(0.0pt, 273.14662pt, 0.0pt)
* \paperwidth=364.19536pt
* \paperheight=273.14662pt
* \textwidth=307.28987pt
* \textheight=244.6939pt
* \oddsidemargin=-43.81725pt
* \evensidemargin=-43.81725pt
* \topmargin=-72.26999pt
* \headheight=14.22636pt
* \headsep=0.0pt
* \topskip=11.0pt
* \footskip=14.22636pt
* \marginparwidth=4.0pt
* \marginparsep=10.0pt
* \columnsep=10.0pt
* \skip\footins=10.0pt plus 4.0pt minus 2.0pt
* \hoffset=0.0pt
* \voffset=0.0pt
* \mag=1000
* \@twocolumnfalse
* \@twosidefalse
* \@mparswitchfalse
* \@reversemarginfalse
* (1in=72.27pt=25.4mm, 1cm=28.453pt)


("C:\Users\h.houekpetodji\AppData\Local\Programs\MiKTeX 2.9\tex/context/base/mk
ii\supp-pdf.mkii"
[Loading MPS to PDF converter (version 2006.09.02).]
\scratchcounter=\count160
\scratchdimen=\dimen191
\scratchbox=\box54
\nofMPsegments=\count161
\nofMParguments=\count162
\everyMPshowfont=\toks45
\MPscratchCnt=\count163
\MPscratchDim=\dimen192
\MPnumerator=\count164
\makeMPintoPDFobject=\count165
\everyMPtoPDFconversion=\toks46
)
("C:\Users\h.houekpetodji\AppData\Local\Programs\MiKTeX 2.9\tex/latex/oberdiek\
epstopdf-base.sty"
Package: epstopdf-base 2016/05/15 v2.6 Base part for package epstopdf

("C:\Users\h.houekpetodji\AppData\Local\Programs\MiKTeX 2.9\tex/latex/oberdiek\
grfext.sty"
Package: grfext 2016/05/16 v1.2 Manage graphics extensions (HO)
)
Package epstopdf-base Info: Redefining graphics rule for `.eps' on input line 4
38.
Package grfext Info: Graphics extension search list:
(grfext)             [.pdf,.png,.jpg,.mps,.jpeg,.jbig2,.jb2,.PDF,.PNG,.JPG,.JPE
G,.JBIG2,.JB2,.eps]
(grfext)             \AppendGraphicsExtensions on input line 456.
) ABD: EveryShipout initializing macros
\AtBeginShipoutBox=\box55
Package hyperref Info: Link coloring OFF on input line 45.

("C:\Users\h.houekpetodji\AppData\Local\Programs\MiKTeX 2.9\tex/latex/hyperref\
nameref.sty"
Package: nameref 2016/05/21 v2.44 Cross-referencing by name of section

("C:\Users\h.houekpetodji\AppData\Local\Programs\MiKTeX 2.9\tex/generic/oberdie
k\gettitlestring.sty"
Package: gettitlestring 2016/05/16 v1.5 Cleanup title references (HO)
)
\c@section@level=\count166
)
LaTeX Info: Redefining \ref on input line 45.
LaTeX Info: Redefining \pageref on input line 45.
LaTeX Info: Redefining \nameref on input line 45.
 (MemoAdmin.out) (MemoAdmin.out)
\@outlinefile=\write5
\openout5 = `MemoAdmin.out'.

LaTeX Font Info:    Overwriting symbol font `operators' in version `normal'
(Font)                  OT1/cmr/m/n --> OT1/cmss/m/n on input line 45.
LaTeX Font Info:    Overwriting symbol font `operators' in version `bold'
(Font)                  OT1/cmr/bx/n --> OT1/cmss/b/n on input line 45.
\symnumbers=\mathgroup6
\sympureletters=\mathgroup7
LaTeX Font Info:    Overwriting math alphabet `\mathrm' in version `normal'
(Font)                  OT1/cmss/m/n --> OT1/put/m/n on input line 45.
LaTeX Font Info:    Redeclaring math alphabet \mathbf on input line 45.
LaTeX Font Info:    Overwriting math alphabet `\mathbf' in version `normal'
(Font)                  OT1/cmr/bx/n --> OT1/cmss/b/n on input line 45.
LaTeX Font Info:    Overwriting math alphabet `\mathbf' in version `bold'
(Font)                  OT1/cmr/bx/n --> OT1/cmss/b/n on input line 45.
LaTeX Font Info:    Redeclaring math alphabet \mathsf on input line 45.
LaTeX Font Info:    Overwriting math alphabet `\mathsf' in version `normal'
(Font)                  OT1/cmss/m/n --> OT1/cmss/m/n on input line 45.
LaTeX Font Info:    Overwriting math alphabet `\mathsf' in version `bold'
(Font)                  OT1/cmss/bx/n --> OT1/cmss/m/n on input line 45.
LaTeX Font Info:    Redeclaring math alphabet \mathit on input line 45.
LaTeX Font Info:    Overwriting math alphabet `\mathit' in version `normal'
(Font)                  OT1/cmr/m/it --> OT1/cmss/m/it on input line 45.
LaTeX Font Info:    Overwriting math alphabet `\mathit' in version `bold'
(Font)                  OT1/cmr/bx/it --> OT1/cmss/m/it on input line 45.
LaTeX Font Info:    Redeclaring math alphabet \mathtt on input line 45.
LaTeX Font Info:    Overwriting math alphabet `\mathtt' in version `normal'
(Font)                  OT1/cmtt/m/n --> OT1/cmtt/m/n on input line 45.
LaTeX Font Info:    Overwriting math alphabet `\mathtt' in version `bold'
(Font)                  OT1/cmtt/m/n --> OT1/cmtt/m/n on input line 45.
LaTeX Font Info:    Overwriting symbol font `numbers' in version `bold'
(Font)                  OT1/cmss/m/n --> OT1/cmss/b/n on input line 45.
LaTeX Font Info:    Overwriting symbol font `pureletters' in version `bold'
(Font)                  OT1/cmss/m/it --> OT1/cmss/b/it on input line 45.
LaTeX Font Info:    Overwriting math alphabet `\mathrm' in version `bold'
(Font)                  OT1/cmss/b/n --> OT1/put/b/n on input line 45.
LaTeX Font Info:    Overwriting math alphabet `\mathbf' in version `bold'
(Font)                  OT1/cmss/b/n --> OT1/cmss/b/n on input line 45.
LaTeX Font Info:    Overwriting math alphabet `\mathsf' in version `bold'
(Font)                  OT1/cmss/m/n --> OT1/cmss/b/n on input line 45.
LaTeX Font Info:    Overwriting math alphabet `\mathit' in version `bold'
(Font)                  OT1/cmss/m/it --> OT1/cmss/b/it on input line 45.
LaTeX Font Info:    Overwriting math alphabet `\mathtt' in version `bold'
(Font)                  OT1/cmtt/m/n --> OT1/cmtt/b/n on input line 45.
LaTeX Font Info:    Redeclaring symbol font `pureletters' on input line 45.
LaTeX Font Info:    Overwriting symbol font `pureletters' in version `normal'
(Font)                  OT1/cmss/m/it --> OT1/mathkerncmss/m/sl on input line 4
5.
LaTeX Font Info:    Overwriting symbol font `pureletters' in version `bold'
(Font)                  OT1/cmss/b/it --> OT1/mathkerncmss/m/sl on input line 4
5.
LaTeX Font Info:    Overwriting symbol font `pureletters' in version `bold'
(Font)                  OT1/mathkerncmss/m/sl --> OT1/mathkerncmss/bx/sl on inp
ut line 45.

("C:\Users\h.houekpetodji\AppData\Local\Programs\MiKTeX 2.9\tex/latex/translato
r\translator-basic-dictionary-English.dict"
Dictionary: translator-basic-dictionary, Language: English 
)
("C:\Users\h.houekpetodji\AppData\Local\Programs\MiKTeX 2.9\tex/latex/translato
r\translator-basic-dictionary-French.dict"
Dictionary: translator-basic-dictionary, Language: French 
)
("C:\Users\h.houekpetodji\AppData\Local\Programs\MiKTeX 2.9\tex/latex/translato
r\translator-bibliography-dictionary-English.dict"
Dictionary: translator-bibliography-dictionary, Language: English 
)
("C:\Users\h.houekpetodji\AppData\Local\Programs\MiKTeX 2.9\tex/latex/translato
r\translator-bibliography-dictionary-French.dict"
Dictionary: translator-bibliography-dictionary, Language: French 
)
("C:\Users\h.houekpetodji\AppData\Local\Programs\MiKTeX 2.9\tex/latex/translato
r\translator-environment-dictionary-English.dict"
Dictionary: translator-environment-dictionary, Language: English 
)
("C:\Users\h.houekpetodji\AppData\Local\Programs\MiKTeX 2.9\tex/latex/translato
r\translator-environment-dictionary-French.dict"
Dictionary: translator-environment-dictionary, Language: French 
)
("C:\Users\h.houekpetodji\AppData\Local\Programs\MiKTeX 2.9\tex/latex/translato
r\translator-months-dictionary-English.dict"
Dictionary: translator-months-dictionary, Language: English 
)
("C:\Users\h.houekpetodji\AppData\Local\Programs\MiKTeX 2.9\tex/latex/translato
r\translator-months-dictionary-French.dict"
Dictionary: translator-month-dictionary, Language: French 
)
("C:\Users\h.houekpetodji\AppData\Local\Programs\MiKTeX 2.9\tex/latex/translato
r\translator-numbers-dictionary-English.dict"
Dictionary: translator-numbers-dictionary, Language: English 
)
("C:\Users\h.houekpetodji\AppData\Local\Programs\MiKTeX 2.9\tex/latex/translato
r\translator-numbers-dictionary-French.dict"
Dictionary: translator-numbers-dictionary, Language: French 
)
("C:\Users\h.houekpetodji\AppData\Local\Programs\MiKTeX 2.9\tex/latex/translato
r\translator-theorem-dictionary-English.dict"
Dictionary: translator-theorem-dictionary, Language: English 
)
("C:\Users\h.houekpetodji\AppData\Local\Programs\MiKTeX 2.9\tex/latex/translato
r\translator-theorem-dictionary-French.dict"
Dictionary: translator-theorem-dictionary, Language: French 
) (MemoAdmin.nav)
<../images/logo-cim.jpg, id=40, 1606.0pt x 1606.0pt>
File: ../images/logo-cim.jpg Graphic file (type jpg)
<use ../images/logo-cim.jpg>
Package pdftex.def Info: ../images/logo-cim.jpg  used on input line 48.
(pdftex.def)             Requested size: 42.66417pt x 42.67912pt.
 [1

{C:/Users/h.houekpetodji/AppData/Local/MiKTeX/2.9/pdftex/config/pdftex.map} <..
/images/logo-cim.jpg>] (MemoAdmin.toc)
File: ../images/logo-cim.jpg Graphic file (type jpg)
<use ../images/logo-cim.jpg>
Package pdftex.def Info: ../images/logo-cim.jpg  used on input line 57.
(pdftex.def)             Requested size: 42.66417pt x 42.67912pt.
 [2

] (MemoAdmin.toc)
File: ../images/logo-cim.jpg Graphic file (type jpg)
<use ../images/logo-cim.jpg>
Package pdftex.def Info: ../images/logo-cim.jpg  used on input line 61.
(pdftex.def)             Requested size: 42.66417pt x 42.67912pt.
 [3

]
LaTeX Font Info:    Try loading font information for U+msa on input line 73.

("C:\Users\h.houekpetodji\AppData\Local\Programs\MiKTeX 2.9\tex/latex/amsfonts\
umsa.fd"
File: umsa.fd 2013/01/14 v3.01 AMS symbols A
)
LaTeX Font Info:    Try loading font information for U+msb on input line 73.

("C:\Users\h.houekpetodji\AppData\Local\Programs\MiKTeX 2.9\tex/latex/amsfonts\
umsb.fd"
File: umsb.fd 2013/01/14 v3.01 AMS symbols B
)
LaTeX Font Info:    Try loading font information for OT1+mathkerncmss on input 
line 73.

("C:\Users\h.houekpetodji\AppData\Local\Programs\MiKTeX 2.9\tex/latex/sansmatha
ccent\ot1mathkerncmss.fd"
File: ot1mathkerncmss.fd 2013/03/27 Fontinst v1.933 font definitions for OT1/ma
thkerncmss.
)
<../images/pb.jpg, id=142, 385.44pt x 385.44pt>
File: ../images/pb.jpg Graphic file (type jpg)
<use ../images/pb.jpg>
Package pdftex.def Info: ../images/pb.jpg  used on input line 73.
(pdftex.def)             Requested size: 14.22105pt x 14.22636pt.
File: ../images/logo-cim.jpg Graphic file (type jpg)
<use ../images/logo-cim.jpg>
Package pdftex.def Info: ../images/logo-cim.jpg  used on input line 73.
(pdftex.def)             Requested size: 42.66417pt x 42.67912pt.
 [4

 <../images/pb.jpg>]
File: ../images/logo-cim.jpg Graphic file (type jpg)
<use ../images/logo-cim.jpg>
Package pdftex.def Info: ../images/logo-cim.jpg  used on input line 80.
(pdftex.def)             Requested size: 42.66417pt x 42.67912pt.
 [5

]
<../images/tortoisesvnDownload.png, id=198, 564.9105pt x 415.5525pt>
File: ../images/tortoisesvnDownload.png Graphic file (type png)
<use ../images/tortoisesvnDownload.png>
Package pdftex.def Info: ../images/tortoisesvnDownload.png  used on input line 
83.
(pdftex.def)             Requested size: 276.559pt x 203.43861pt.

Underfull \vbox (badness 10000) has occurred while \output is active []

File: ../images/logo-cim.jpg Graphic file (type jpg)
<use ../images/logo-cim.jpg>
Package pdftex.def Info: ../images/logo-cim.jpg  used on input line 92.
(pdftex.def)             Requested size: 42.66417pt x 42.67912pt.
 [6

 <../images/tortoisesvnDownload.png>]
File: ../images/logo-cim.jpg Graphic file (type jpg)
<use ../images/logo-cim.jpg>
Package pdftex.def Info: ../images/logo-cim.jpg  used on input line 92.
(pdftex.def)             Requested size: 42.66417pt x 42.67912pt.
 [7]
<../images/tortoiseSvnDownloded.jpg, id=252, 1156.32pt x 650.43pt>
File: ../images/tortoiseSvnDownloded.jpg Graphic file (type jpg)
<use ../images/tortoiseSvnDownloded.jpg>
Package pdftex.def Info: ../images/tortoiseSvnDownloded.jpg  used on input line
 96.
(pdftex.def)             Requested size: 307.28987pt x 172.84944pt.
File: ../images/logo-cim.jpg Graphic file (type jpg)
<use ../images/logo-cim.jpg>
Package pdftex.def Info: ../images/logo-cim.jpg  used on input line 96.
(pdftex.def)             Requested size: 42.66417pt x 42.67912pt.
 [8

 <../images/tortoiseSvnDownloded.jpg>]
<../images/intalstp1.jpg, id=278, 375.20175pt x 287.8755pt>
File: ../images/intalstp1.jpg Graphic file (type jpg)
<use ../images/intalstp1.jpg>
Package pdftex.def Info: ../images/intalstp1.jpg  used on input line 114.
(pdftex.def)             Requested size: 122.91406pt x 94.30516pt.
<../images/intalstp2.jpg, id=279, 372.79276pt x 289.68225pt>
File: ../images/intalstp2.jpg Graphic file (type jpg)
<use ../images/intalstp2.jpg>
Package pdftex.def Info: ../images/intalstp2.jpg  used on input line 114.
(pdftex.def)             Requested size: 122.91406pt x 95.51144pt.
File: ../images/logo-cim.jpg Graphic file (type jpg)
<use ../images/logo-cim.jpg>
Package pdftex.def Info: ../images/logo-cim.jpg  used on input line 114.
(pdftex.def)             Requested size: 42.66417pt x 42.67912pt.

[9

 <../images/intalstp1.jpg> <../images/intalstp2.jpg>]
<../images/intalstp3.jpg, id=304, 372.79276pt x 289.68225pt>
File: ../images/intalstp3.jpg Graphic file (type jpg)
<use ../images/intalstp3.jpg>
Package pdftex.def Info: ../images/intalstp3.jpg  used on input line 132.
(pdftex.def)             Requested size: 122.91406pt x 95.51144pt.
<../images/intalstp4.jpg, id=305, 372.79276pt x 290.2845pt>
File: ../images/intalstp4.jpg Graphic file (type jpg)
<use ../images/intalstp4.jpg>
Package pdftex.def Info: ../images/intalstp4.jpg  used on input line 132.
(pdftex.def)             Requested size: 122.91406pt x 95.71pt.
File: ../images/logo-cim.jpg Graphic file (type jpg)
<use ../images/logo-cim.jpg>
Package pdftex.def Info: ../images/logo-cim.jpg  used on input line 132.
(pdftex.def)             Requested size: 42.66417pt x 42.67912pt.
 [10

 <../images/intalstp3.jpg> <../images/intalstp4.jpg>]

Package hyperref Warning: Token not allowed in a PDF string (PDFDocEncoding):
(hyperref)                removing `\alert' on input line 135.


Package hyperref Warning: Token not allowed in a PDF string (PDFDocEncoding):
(hyperref)                removing `\alert' on input line 135.


Package hyperref Warning: Token not allowed in a PDF string (PDFDocEncoding):
(hyperref)                removing `\alert' on input line 135.


Package hyperref Warning: Token not allowed in a PDF string (PDFDocEncoding):
(hyperref)                removing `\alert' on input line 135.

(MemoAdmin.toc)
File: ../images/logo-cim.jpg Graphic file (type jpg)
<use ../images/logo-cim.jpg>
Package pdftex.def Info: ../images/logo-cim.jpg  used on input line 135.
(pdftex.def)             Requested size: 42.66417pt x 42.67912pt.
 [11

]
<../images/travailColaborative.png, id=363, 224.037pt x 193.9245pt>
File: ../images/travailColaborative.png Graphic file (type png)
<use ../images/travailColaborative.png>
Package pdftex.def Info: ../images/travailColaborative.png  used on input line 
158.
(pdftex.def)             Requested size: 61.45703pt x 53.19475pt.
File: ../images/logo-cim.jpg Graphic file (type jpg)
<use ../images/logo-cim.jpg>
Package pdftex.def Info: ../images/logo-cim.jpg  used on input line 158.
(pdftex.def)             Requested size: 42.66417pt x 42.67912pt.
 [12

 <../images/travailColaborative.png>]
File: ../images/logo-cim.jpg Graphic file (type jpg)
<use ../images/logo-cim.jpg>
Package pdftex.def Info: ../images/logo-cim.jpg  used on input line 172.
(pdftex.def)             Requested size: 42.66417pt x 42.67912pt.
 [13

]
<../images/history.jpg, id=415, 1148.49075pt x 517.33275pt>
File: ../images/history.jpg Graphic file (type jpg)
<use ../images/history.jpg>
Package pdftex.def Info: ../images/history.jpg  used on input line 174.
(pdftex.def)             Requested size: 307.28987pt x 138.41869pt.
<../images/changement.jpg, id=416, 471.56175pt x 264.38776pt>
File: ../images/changement.jpg Graphic file (type jpg)
<use ../images/changement.jpg>
Package pdftex.def Info: ../images/changement.jpg  used on input line 190.
(pdftex.def)             Requested size: 245.83282pt x 137.83339pt.

Underfull \vbox (badness 10000) has occurred while \output is active []

File: ../images/logo-cim.jpg Graphic file (type jpg)
<use ../images/logo-cim.jpg>
Package pdftex.def Info: ../images/logo-cim.jpg  used on input line 190.
(pdftex.def)             Requested size: 42.66417pt x 42.67912pt.
 [14

 <../images/history.jpg>]
File: ../images/logo-cim.jpg Graphic file (type jpg)
<use ../images/logo-cim.jpg>
Package pdftex.def Info: ../images/logo-cim.jpg  used on input line 190.
(pdftex.def)             Requested size: 42.66417pt x 42.67912pt.
 [15 <../images/changement.jpg>]
<../images/livrable.jpg, id=467, 256.5585pt x 234.27525pt>
File: ../images/livrable.jpg Graphic file (type jpg)
<use ../images/livrable.jpg>
Package pdftex.def Info: ../images/livrable.jpg  used on input line 207.
(pdftex.def)             Requested size: 92.1879pt x 84.18173pt.
File: ../images/logo-cim.jpg Graphic file (type jpg)
<use ../images/logo-cim.jpg>
Package pdftex.def Info: ../images/logo-cim.jpg  used on input line 207.
(pdftex.def)             Requested size: 42.66417pt x 42.67912pt.
 [16

 <../images/livrable.jpg>] (MemoAdmin.toc)
File: ../images/logo-cim.jpg Graphic file (type jpg)
<use ../images/logo-cim.jpg>
Package pdftex.def Info: ../images/logo-cim.jpg  used on input line 212.
(pdftex.def)             Requested size: 42.66417pt x 42.67912pt.
 [17

]
File: ../images/logo-cim.jpg Graphic file (type jpg)
<use ../images/logo-cim.jpg>
Package pdftex.def Info: ../images/logo-cim.jpg  used on input line 216.
(pdftex.def)             Requested size: 42.66417pt x 42.67912pt.
 [18

]
File: ../images/logo-cim.jpg Graphic file (type jpg)
<use ../images/logo-cim.jpg>
Package pdftex.def Info: ../images/logo-cim.jpg  used on input line 224.
(pdftex.def)             Requested size: 42.66417pt x 42.67912pt.
 [19

]
<../images/depot.jpg, id=578, 442.65375pt x 168.63pt>
File: ../images/depot.jpg Graphic file (type jpg)
<use ../images/depot.jpg>
Package pdftex.def Info: ../images/depot.jpg  used on input line 232.
(pdftex.def)             Requested size: 215.10196pt x 81.94498pt.
File: ../images/logo-cim.jpg Graphic file (type jpg)
<use ../images/logo-cim.jpg>
Package pdftex.def Info: ../images/logo-cim.jpg  used on input line 232.
(pdftex.def)             Requested size: 42.66417pt x 42.67912pt.
 [20

 <../images/depot.jpg>]
File: ../images/logo-cim.jpg Graphic file (type jpg)
<use ../images/logo-cim.jpg>
Package pdftex.def Info: ../images/logo-cim.jpg  used on input line 244.
(pdftex.def)             Requested size: 42.66417pt x 42.67912pt.
 [21

]
<../images/branche.jpg, id=629, 698.00775pt x 99.9735pt>
File: ../images/branche.jpg Graphic file (type jpg)
<use ../images/branche.jpg>
Package pdftex.def Info: ../images/branche.jpg  used on input line 248.
(pdftex.def)             Requested size: 307.28987pt x 44.01134pt.
File: ../images/logo-cim.jpg Graphic file (type jpg)
<use ../images/logo-cim.jpg>
Package pdftex.def Info: ../images/logo-cim.jpg  used on input line 248.
(pdftex.def)             Requested size: 42.66417pt x 42.67912pt.
 [22

 <../images/branche.jpg>]
File: ../images/logo-cim.jpg Graphic file (type jpg)
<use ../images/logo-cim.jpg>
Package pdftex.def Info: ../images/logo-cim.jpg  used on input line 256.
(pdftex.def)             Requested size: 42.66417pt x 42.67912pt.
 [23

]
File: ../images/changement.jpg Graphic file (type jpg)
<use ../images/changement.jpg>
Package pdftex.def Info: ../images/changement.jpg  used on input line 265.
(pdftex.def)             Requested size: 235.78029pt x 132.19354pt.
File: ../images/logo-cim.jpg Graphic file (type jpg)
<use ../images/logo-cim.jpg>
Package pdftex.def Info: ../images/logo-cim.jpg  used on input line 265.
(pdftex.def)             Requested size: 42.66417pt x 42.67912pt.
 [24

]
<../images/etiquetage.jpg, id=705, 699.21225pt x 70.46326pt>
File: ../images/etiquetage.jpg Graphic file (type jpg)
<use ../images/etiquetage.jpg>
Package pdftex.def Info: ../images/etiquetage.jpg  used on input line 272.
(pdftex.def)             Requested size: 349.60526pt x 35.23154pt.

Overfull \hbox (42.31538pt too wide) in paragraph at lines 272--272
[][]  
 []

File: ../images/logo-cim.jpg Graphic file (type jpg)
<use ../images/logo-cim.jpg>
Package pdftex.def Info: ../images/logo-cim.jpg  used on input line 272.
(pdftex.def)             Requested size: 42.66417pt x 42.67912pt.
[25

 <../images/etiquetage.jpg>]
File: ../images/logo-cim.jpg Graphic file (type jpg)
<use ../images/logo-cim.jpg>
Package pdftex.def Info: ../images/logo-cim.jpg  used on input line 283.
(pdftex.def)             Requested size: 42.66417pt x 42.67912pt.
 [26

]
File: ../images/logo-cim.jpg Graphic file (type jpg)
<use ../images/logo-cim.jpg>
Package pdftex.def Info: ../images/logo-cim.jpg  used on input line 287.
(pdftex.def)             Requested size: 42.66417pt x 42.67912pt.
 [27

] (MemoAdmin.toc)
File: ../images/logo-cim.jpg Graphic file (type jpg)
<use ../images/logo-cim.jpg>
Package pdftex.def Info: ../images/logo-cim.jpg  used on input line 289.
(pdftex.def)             Requested size: 42.66417pt x 42.67912pt.
 [28

]
File: ../images/logo-cim.jpg Graphic file (type jpg)
<use ../images/logo-cim.jpg>
Package pdftex.def Info: ../images/logo-cim.jpg  used on input line 303.
(pdftex.def)             Requested size: 42.66417pt x 42.67912pt.
 [29

]
File: ../images/logo-cim.jpg Graphic file (type jpg)
<use ../images/logo-cim.jpg>
Package pdftex.def Info: ../images/logo-cim.jpg  used on input line 315.
(pdftex.def)             Requested size: 42.66417pt x 42.67912pt.
 [30

]
File: ../images/logo-cim.jpg Graphic file (type jpg)
<use ../images/logo-cim.jpg>
Package pdftex.def Info: ../images/logo-cim.jpg  used on input line 325.
(pdftex.def)             Requested size: 42.66417pt x 42.67912pt.

[31

] (MemoAdmin.toc)
File: ../images/logo-cim.jpg Graphic file (type jpg)
<use ../images/logo-cim.jpg>
Package pdftex.def Info: ../images/logo-cim.jpg  used on input line 327.
(pdftex.def)             Requested size: 42.66417pt x 42.67912pt.
 [32

]
File: ../images/logo-cim.jpg Graphic file (type jpg)
<use ../images/logo-cim.jpg>
Package pdftex.def Info: ../images/logo-cim.jpg  used on input line 334.
(pdftex.def)             Requested size: 42.66417pt x 42.67912pt.
 [33

]
File: ../images/logo-cim.jpg Graphic file (type jpg)
<use ../images/logo-cim.jpg>
Package pdftex.def Info: ../images/logo-cim.jpg  used on input line 340.
(pdftex.def)             Requested size: 42.66417pt x 42.67912pt.
 [34

]
<../images/server.jpg, id=973, 355.92975pt x 299.9205pt>
File: ../images/server.jpg Graphic file (type jpg)
<use ../images/server.jpg>
Package pdftex.def Info: ../images/server.jpg  used on input line 352.
(pdftex.def)             Requested size: 106.77974pt x 89.97684pt.
File: ../images/logo-cim.jpg Graphic file (type jpg)
<use ../images/logo-cim.jpg>
Package pdftex.def Info: ../images/logo-cim.jpg  used on input line 352.
(pdftex.def)             Requested size: 42.66417pt x 42.67912pt.
 [35

 <../images/server.jpg>]
<../images/server1.jpg, id=999, 670.30424pt x 306.54526pt>
File: ../images/server1.jpg Graphic file (type jpg)
<use ../images/server1.jpg>
Package pdftex.def Info: ../images/server1.jpg  used on input line 357.
(pdftex.def)             Requested size: 335.1513pt x 153.27225pt.

Overfull \hbox (27.86143pt too wide) in paragraph at lines 357--357
[][]  
 []

File: ../images/logo-cim.jpg Graphic file (type jpg)
<use ../images/logo-cim.jpg>
Package pdftex.def Info: ../images/logo-cim.jpg  used on input line 357.
(pdftex.def)             Requested size: 42.66417pt x 42.67912pt.
[36

 <../images/server1.jpg>]
<../images/server2.jpg, id=1025, 452.28975pt x 253.54726pt>
File: ../images/server2.jpg Graphic file (type jpg)
<use ../images/server2.jpg>
Package pdftex.def Info: ../images/server2.jpg  used on input line 365.
(pdftex.def)             Requested size: 271.37595pt x 152.12952pt.
File: ../images/logo-cim.jpg Graphic file (type jpg)
<use ../images/logo-cim.jpg>
Package pdftex.def Info: ../images/logo-cim.jpg  used on input line 365.
(pdftex.def)             Requested size: 42.66417pt x 42.67912pt.
 [37

 <../images/server2.jpg>]
<../images/server3.jpg, id=1052, 1156.32pt x 650.43pt>
File: ../images/server3.jpg Graphic file (type jpg)
<use ../images/server3.jpg>
Package pdftex.def Info: ../images/server3.jpg  used on input line 377.
(pdftex.def)             Requested size: 231.2599pt x 130.0837pt.
File: ../images/logo-cim.jpg Graphic file (type jpg)
<use ../images/logo-cim.jpg>
Package pdftex.def Info: ../images/logo-cim.jpg  used on input line 377.
(pdftex.def)             Requested size: 42.66417pt x 42.67912pt.
 [38

 <../images/server3.jpg>]
<../images/server4.jpg, id=1078, 484.81125pt x 305.943pt>
File: ../images/server4.jpg Graphic file (type jpg)
<use ../images/server4.jpg>
Package pdftex.def Info: ../images/server4.jpg  used on input line 382.
(pdftex.def)             Requested size: 242.40503pt x 152.97112pt.
File: ../images/logo-cim.jpg Graphic file (type jpg)
<use ../images/logo-cim.jpg>
Package pdftex.def Info: ../images/logo-cim.jpg  used on input line 382.
(pdftex.def)             Requested size: 42.66417pt x 42.67912pt.
 [39

 <../images/server4.jpg>]
File: ../images/logo-cim.jpg Graphic file (type jpg)
<use ../images/logo-cim.jpg>
Package pdftex.def Info: ../images/logo-cim.jpg  used on input line 388.
(pdftex.def)             Requested size: 42.66417pt x 42.67912pt.
 [40

]
File: ../images/logo-cim.jpg Graphic file (type jpg)
<use ../images/logo-cim.jpg>
Package pdftex.def Info: ../images/logo-cim.jpg  used on input line 400.
(pdftex.def)             Requested size: 42.66417pt x 42.67912pt.
 [41

]
<../images/server5.jpg, id=1154, 682.34924pt x 558.28575pt>
File: ../images/server5.jpg Graphic file (type jpg)
<use ../images/server5.jpg>
Package pdftex.def Info: ../images/server5.jpg  used on input line 404.
(pdftex.def)             Requested size: 272.93486pt x 223.31033pt.
File: ../images/logo-cim.jpg Graphic file (type jpg)
<use ../images/logo-cim.jpg>
Package pdftex.def Info: ../images/logo-cim.jpg  used on input line 404.
(pdftex.def)             Requested size: 42.66417pt x 42.67912pt.
 [42

 <../images/server5.jpg>]
<../images/server6.jpg, id=1180, 375.20175pt x 309.5565pt>
File: ../images/server6.jpg Graphic file (type jpg)
<use ../images/server6.jpg>
Package pdftex.def Info: ../images/server6.jpg  used on input line 413.
(pdftex.def)             Requested size: 187.6004pt x 154.77786pt.
File: ../images/logo-cim.jpg Graphic file (type jpg)
<use ../images/logo-cim.jpg>
Package pdftex.def Info: ../images/logo-cim.jpg  used on input line 413.
(pdftex.def)             Requested size: 42.66417pt x 42.67912pt.

[43

 <../images/server6.jpg>]
<../images/server7.jpg, id=1207, 375.20175pt x 311.9655pt>
File: ../images/server7.jpg Graphic file (type jpg)
<use ../images/server7.jpg>
Package pdftex.def Info: ../images/server7.jpg  used on input line 425.
(pdftex.def)             Requested size: 187.6004pt x 155.98236pt.
File: ../images/logo-cim.jpg Graphic file (type jpg)
<use ../images/logo-cim.jpg>
Package pdftex.def Info: ../images/logo-cim.jpg  used on input line 425.
(pdftex.def)             Requested size: 42.66417pt x 42.67912pt.
 [44

 <../images/server7.jpg>]
<../images/server8.jpg, id=1233, 375.20175pt x 310.761pt>
File: ../images/server8.jpg Graphic file (type jpg)
<use ../images/server8.jpg>
Package pdftex.def Info: ../images/server8.jpg  used on input line 436.
(pdftex.def)             Requested size: 187.6004pt x 155.38011pt.

Overfull \vbox (4.88875pt too high) detected at line 436
 []

File: ../images/logo-cim.jpg Graphic file (type jpg)
<use ../images/logo-cim.jpg>
Package pdftex.def Info: ../images/logo-cim.jpg  used on input line 436.
(pdftex.def)             Requested size: 42.66417pt x 42.67912pt.
[45

 <../images/server8.jpg>]
<../images/server9.jpg, id=1259, 375.20175pt x 310.15875pt>
File: ../images/server9.jpg Graphic file (type jpg)
<use ../images/server9.jpg>
Package pdftex.def Info: ../images/server9.jpg  used on input line 447.
(pdftex.def)             Requested size: 187.6004pt x 155.079pt.
File: ../images/logo-cim.jpg Graphic file (type jpg)
<use ../images/logo-cim.jpg>
Package pdftex.def Info: ../images/logo-cim.jpg  used on input line 447.
(pdftex.def)             Requested size: 42.66417pt x 42.67912pt.
 [46

 <../images/server9.jpg>]
<../images/server10.jpg, id=1285, 436.63126pt x 383.031pt>
File: ../images/server10.jpg Graphic file (type jpg)
<use ../images/server10.jpg>
Package pdftex.def Info: ../images/server10.jpg  used on input line 457.
(pdftex.def)             Requested size: 218.3151pt x 191.51503pt.
File: ../images/logo-cim.jpg Graphic file (type jpg)
<use ../images/logo-cim.jpg>
Package pdftex.def Info: ../images/logo-cim.jpg  used on input line 457.
(pdftex.def)             Requested size: 42.66417pt x 42.67912pt.
 [47

 <../images/server10.jpg>]
<../images/server11.jpg, id=1311, 253.54726pt x 247.52475pt>
File: ../images/server11.jpg Graphic file (type jpg)
<use ../images/server11.jpg>
Package pdftex.def Info: ../images/server11.jpg  used on input line 468.
(pdftex.def)             Requested size: 126.7733pt x 123.76207pt.
File: ../images/logo-cim.jpg Graphic file (type jpg)
<use ../images/logo-cim.jpg>
Package pdftex.def Info: ../images/logo-cim.jpg  used on input line 468.
(pdftex.def)             Requested size: 42.66417pt x 42.67912pt.
 [48

 <../images/server11.jpg>]
File: ../images/logo-cim.jpg Graphic file (type jpg)
<use ../images/logo-cim.jpg>
Package pdftex.def Info: ../images/logo-cim.jpg  used on input line 480.
(pdftex.def)             Requested size: 42.66417pt x 42.67912pt.
 [49

]
<../images/server12.jpg, id=1363, 475.7775pt x 387.24675pt>
File: ../images/server12.jpg Graphic file (type jpg)
<use ../images/server12.jpg>
Package pdftex.def Info: ../images/server12.jpg  used on input line 485.
(pdftex.def)             Requested size: 237.88815pt x 193.6229pt.
File: ../images/logo-cim.jpg Graphic file (type jpg)
<use ../images/logo-cim.jpg>
Package pdftex.def Info: ../images/logo-cim.jpg  used on input line 485.
(pdftex.def)             Requested size: 42.66417pt x 42.67912pt.
 [50

 <../images/server12.jpg>]
<../images/server13.jpg, id=1389, 375.20175pt x 310.15875pt>
File: ../images/server13.jpg Graphic file (type jpg)
<use ../images/server13.jpg>
Package pdftex.def Info: ../images/server13.jpg  used on input line 495.
(pdftex.def)             Requested size: 187.6004pt x 155.079pt.
File: ../images/logo-cim.jpg Graphic file (type jpg)
<use ../images/logo-cim.jpg>
Package pdftex.def Info: ../images/logo-cim.jpg  used on input line 495.
(pdftex.def)             Requested size: 42.66417pt x 42.67912pt.

[51

 <../images/server13.jpg>]
<../images/server14.jpg, id=1415, 504.6855pt x 313.17pt>
File: ../images/server14.jpg Graphic file (type jpg)
<use ../images/server14.jpg>
Package pdftex.def Info: ../images/server14.jpg  used on input line 505.
(pdftex.def)             Requested size: 252.34213pt x 156.58461pt.
File: ../images/logo-cim.jpg Graphic file (type jpg)
<use ../images/logo-cim.jpg>
Package pdftex.def Info: ../images/logo-cim.jpg  used on input line 505.
(pdftex.def)             Requested size: 42.66417pt x 42.67912pt.
 [52

 <../images/server14.jpg>]
<../images/server15.jpg, id=1441, 495.65175pt x 318.59026pt>
File: ../images/server15.jpg Graphic file (type jpg)
<use ../images/server15.jpg>
Package pdftex.def Info: ../images/server15.jpg  used on input line 511.
(pdftex.def)             Requested size: 247.82526pt x 159.29474pt.
File: ../images/logo-cim.jpg Graphic file (type jpg)
<use ../images/logo-cim.jpg>
Package pdftex.def Info: ../images/logo-cim.jpg  used on input line 511.
(pdftex.def)             Requested size: 42.66417pt x 42.67912pt.
 [53

 <../images/server15.jpg>]
File: ../images/logo-cim.jpg Graphic file (type jpg)
<use ../images/logo-cim.jpg>
Package pdftex.def Info: ../images/logo-cim.jpg  used on input line 517.
(pdftex.def)             Requested size: 42.66417pt x 42.67912pt.
 [54

]
File: ../images/logo-cim.jpg Graphic file (type jpg)
<use ../images/logo-cim.jpg>
Package pdftex.def Info: ../images/logo-cim.jpg  used on input line 529.
(pdftex.def)             Requested size: 42.66417pt x 42.67912pt.
 [55

]
<../images/server16.jpg, id=1519, 508.90125pt x 347.49825pt>
File: ../images/server16.jpg Graphic file (type jpg)
<use ../images/server16.jpg>
Package pdftex.def Info: ../images/server16.jpg  used on input line 534.
(pdftex.def)             Requested size: 254.45pt x 173.74869pt.
File: ../images/logo-cim.jpg Graphic file (type jpg)
<use ../images/logo-cim.jpg>
Package pdftex.def Info: ../images/logo-cim.jpg  used on input line 534.
(pdftex.def)             Requested size: 42.66417pt x 42.67912pt.
 [56

 <../images/server16.jpg>] (MemoAdmin.toc)
File: ../images/logo-cim.jpg Graphic file (type jpg)
<use ../images/logo-cim.jpg>
Package pdftex.def Info: ../images/logo-cim.jpg  used on input line 535.
(pdftex.def)             Requested size: 42.66417pt x 42.67912pt.
 [57

]
File: ../images/logo-cim.jpg Graphic file (type jpg)
<use ../images/logo-cim.jpg>
Package pdftex.def Info: ../images/logo-cim.jpg  used on input line 542.
(pdftex.def)             Requested size: 42.66417pt x 42.67912pt.

[58

]
<../images/connect4.jpg, id=1602, 240.29774pt x 181.8795pt>
File: ../images/connect4.jpg Graphic file (type jpg)
<use ../images/connect4.jpg>
Package pdftex.def Info: ../images/connect4.jpg  used on input line 555.
(pdftex.def)             Requested size: 168.20726pt x 127.31477pt.

Overfull \vbox (32.09427pt too high) detected at line 555
 []

File: ../images/logo-cim.jpg Graphic file (type jpg)
<use ../images/logo-cim.jpg>
Package pdftex.def Info: ../images/logo-cim.jpg  used on input line 555.
(pdftex.def)             Requested size: 42.66417pt x 42.67912pt.
[59

 <../images/connect4.jpg>]
<../images/connect5.jpg, id=1628, 327.624pt x 148.1535pt>
File: ../images/connect5.jpg Graphic file (type jpg)
<use ../images/connect5.jpg>
Package pdftex.def Info: ../images/connect5.jpg  used on input line 568.
(pdftex.def)             Requested size: 229.33522pt x 103.70674pt.
File: ../images/logo-cim.jpg Graphic file (type jpg)
<use ../images/logo-cim.jpg>
Package pdftex.def Info: ../images/logo-cim.jpg  used on input line 568.
(pdftex.def)             Requested size: 42.66417pt x 42.67912pt.
 [60

 <../images/connect5.jpg>]
<../images/connect6.jpg, id=1654, 502.87875pt x 231.86626pt>
File: ../images/connect6.jpg Graphic file (type jpg)
<use ../images/connect6.jpg>
Package pdftex.def Info: ../images/connect6.jpg  used on input line 580.
(pdftex.def)             Requested size: 251.43875pt x 115.93283pt.
File: ../images/logo-cim.jpg Graphic file (type jpg)
<use ../images/logo-cim.jpg>
Package pdftex.def Info: ../images/logo-cim.jpg  used on input line 580.
(pdftex.def)             Requested size: 42.66417pt x 42.67912pt.
 [61

 <../images/connect6.jpg>]
<../images/connect7.jpg, id=1681, 591.4095pt x 422.7795pt>
File: ../images/connect7.jpg Graphic file (type jpg)
<use ../images/connect7.jpg>
Package pdftex.def Info: ../images/connect7.jpg  used on input line 591.
(pdftex.def)             Requested size: 295.70403pt x 211.38922pt.

Overfull \vbox (33.69785pt too high) detected at line 591
 []

File: ../images/logo-cim.jpg Graphic file (type jpg)
<use ../images/logo-cim.jpg>
Package pdftex.def Info: ../images/logo-cim.jpg  used on input line 591.
(pdftex.def)             Requested size: 42.66417pt x 42.67912pt.
[62

 <../images/connect7.jpg>]
File: ../images/logo-cim.jpg Graphic file (type jpg)
<use ../images/logo-cim.jpg>
Package pdftex.def Info: ../images/logo-cim.jpg  used on input line 597.
(pdftex.def)             Requested size: 42.66417pt x 42.67912pt.
 [63

]
<../images/connect2.jpg, id=1732, 357.13425pt x 232.4685pt>
File: ../images/connect2.jpg Graphic file (type jpg)
<use ../images/connect2.jpg>
Package pdftex.def Info: ../images/connect2.jpg  used on input line 611.
(pdftex.def)             Requested size: 142.85117pt x 92.98575pt.
File: ../images/logo-cim.jpg Graphic file (type jpg)
<use ../images/logo-cim.jpg>
Package pdftex.def Info: ../images/logo-cim.jpg  used on input line 611.
(pdftex.def)             Requested size: 42.66417pt x 42.67912pt.
 [64

 <../images/connect2.jpg>]
<../images/connect3.jpg, id=1758, 1161.138pt x 619.113pt>
File: ../images/connect3.jpg Graphic file (type jpg)
<use ../images/connect3.jpg>
Package pdftex.def Info: ../images/connect3.jpg  used on input line 619.
(pdftex.def)             Requested size: 290.28378pt x 154.77786pt.
File: ../images/logo-cim.jpg Graphic file (type jpg)
<use ../images/logo-cim.jpg>
Package pdftex.def Info: ../images/logo-cim.jpg  used on input line 619.
(pdftex.def)             Requested size: 42.66417pt x 42.67912pt.
 [65

 <../images/connect3.jpg>]
File: ../images/logo-cim.jpg Graphic file (type jpg)
<use ../images/logo-cim.jpg>
Package pdftex.def Info: ../images/logo-cim.jpg  used on input line 626.
(pdftex.def)             Requested size: 42.66417pt x 42.67912pt.
 [66

]
<../images/modif1.jpg, id=1809, 1151.502pt x 619.113pt>
File: ../images/modif1.jpg Graphic file (type jpg)
<use ../images/modif1.jpg>
Package pdftex.def Info: ../images/modif1.jpg  used on input line 635.
(pdftex.def)             Requested size: 230.29633pt x 123.8204pt.
File: ../images/logo-cim.jpg Graphic file (type jpg)
<use ../images/logo-cim.jpg>
Package pdftex.def Info: ../images/logo-cim.jpg  used on input line 635.
(pdftex.def)             Requested size: 42.66417pt x 42.67912pt.
 [67

 <../images/modif1.jpg>]
<../images/check.jpg, id=1837, 48.18pt x 48.18pt>
File: ../images/check.jpg Graphic file (type jpg)
<use ../images/check.jpg>
Package pdftex.def Info: ../images/check.jpg  used on input line 647.
(pdftex.def)             Requested size: 48.17986pt x 48.17986pt.
File: ../images/check.jpg Graphic file (type jpg)
<use ../images/check.jpg>
Package pdftex.def Info: ../images/check.jpg  used on input line 647.
(pdftex.def)             Requested size: 48.17986pt x 48.17986pt.
<../images/modif2.jpg, id=1838, 1152.7065pt x 617.9085pt>
File: ../images/modif2.jpg Graphic file (type jpg)
<use ../images/modif2.jpg>
Package pdftex.def Info: ../images/modif2.jpg  used on input line 647.
(pdftex.def)             Requested size: 230.53722pt x 123.5795pt.
File: ../images/logo-cim.jpg Graphic file (type jpg)
<use ../images/logo-cim.jpg>
Package pdftex.def Info: ../images/logo-cim.jpg  used on input line 647.
(pdftex.def)             Requested size: 42.66417pt x 42.67912pt.
 [68

 <../images/check.jpg> <../images/modif2.jpg>]
File: ../images/logo-cim.jpg Graphic file (type jpg)
<use ../images/logo-cim.jpg>
Package pdftex.def Info: ../images/logo-cim.jpg  used on input line 658.
(pdftex.def)             Requested size: 42.66417pt x 42.67912pt.
 [69

]
File: ../images/logo-cim.jpg Graphic file (type jpg)
<use ../images/logo-cim.jpg>
Package pdftex.def Info: ../images/logo-cim.jpg  used on input line 664.
(pdftex.def)             Requested size: 42.66417pt x 42.67912pt.
 [70

]
<../images/svnupdate.jpg, id=1914, 1157.5245pt x 621.522pt>
File: ../images/svnupdate.jpg Graphic file (type jpg)
<use ../images/svnupdate.jpg>
Package pdftex.def Info: ../images/svnupdate.jpg  used on input line 675.
(pdftex.def)             Requested size: 289.38042pt x 155.38011pt.
File: ../images/logo-cim.jpg Graphic file (type jpg)
<use ../images/logo-cim.jpg>
Package pdftex.def Info: ../images/logo-cim.jpg  used on input line 675.
(pdftex.def)             Requested size: 42.66417pt x 42.67912pt.
 [71

 <../images/svnupdate.jpg>]
File: ../images/logo-cim.jpg Graphic file (type jpg)
<use ../images/logo-cim.jpg>
Package pdftex.def Info: ../images/logo-cim.jpg  used on input line 681.
(pdftex.def)             Requested size: 42.66417pt x 42.67912pt.
 [72

]
<../images/commit1.jpg, id=1965, 1162.3425pt x 621.522pt>
File: ../images/commit1.jpg Graphic file (type jpg)
<use ../images/commit1.jpg>
Package pdftex.def Info: ../images/commit1.jpg  used on input line 693.
(pdftex.def)             Requested size: 290.58492pt x 155.38011pt.
File: ../images/logo-cim.jpg Graphic file (type jpg)
<use ../images/logo-cim.jpg>
Package pdftex.def Info: ../images/logo-cim.jpg  used on input line 693.
(pdftex.def)             Requested size: 42.66417pt x 42.67912pt.
 [73

 <../images/commit1.jpg>]
<../images/commit4.jpg, id=1992, 411.939pt x 426.393pt>
File: ../images/commit4.jpg Graphic file (type jpg)
<use ../images/commit4.jpg>
Package pdftex.def Info: ../images/commit4.jpg  used on input line 705.
(pdftex.def)             Requested size: 164.77267pt x 170.55417pt.
File: ../images/logo-cim.jpg Graphic file (type jpg)
<use ../images/logo-cim.jpg>
Package pdftex.def Info: ../images/logo-cim.jpg  used on input line 705.
(pdftex.def)             Requested size: 42.66417pt x 42.67912pt.
 [74

 <../images/commit4.jpg>]
File: ../images/logo-cim.jpg Graphic file (type jpg)
<use ../images/logo-cim.jpg>
Package pdftex.def Info: ../images/logo-cim.jpg  used on input line 710.
(pdftex.def)             Requested size: 42.66417pt x 42.67912pt.
 [75

]
File: ../images/logo-cim.jpg Graphic file (type jpg)
<use ../images/logo-cim.jpg>
Package pdftex.def Info: ../images/logo-cim.jpg  used on input line 716.
(pdftex.def)             Requested size: 42.66417pt x 42.67912pt.
 [76

]
<../images/annulerM.jpg, id=2068, 1161.138pt x 619.113pt>
File: ../images/annulerM.jpg Graphic file (type jpg)
<use ../images/annulerM.jpg>
Package pdftex.def Info: ../images/annulerM.jpg  used on input line 728.
(pdftex.def)             Requested size: 232.22348pt x 123.8204pt.
File: ../images/logo-cim.jpg Graphic file (type jpg)
<use ../images/logo-cim.jpg>
Package pdftex.def Info: ../images/logo-cim.jpg  used on input line 728.
(pdftex.def)             Requested size: 42.66417pt x 42.67912pt.
 [77

 <../images/annulerM.jpg>]
File: ../images/logo-cim.jpg Graphic file (type jpg)
<use ../images/logo-cim.jpg>
Package pdftex.def Info: ../images/logo-cim.jpg  used on input line 732.
(pdftex.def)             Requested size: 42.66417pt x 42.67912pt.
 [78

] (MemoAdmin.toc)
File: ../images/logo-cim.jpg Graphic file (type jpg)
<use ../images/logo-cim.jpg>
Package pdftex.def Info: ../images/logo-cim.jpg  used on input line 734.
(pdftex.def)             Requested size: 42.66417pt x 42.67912pt.
 [79

]
<../images/icon.jpg, id=2151, 385.44pt x 175.857pt>
File: ../images/icon.jpg Graphic file (type jpg)
<use ../images/icon.jpg>
Package pdftex.def Info: ../images/icon.jpg  used on input line 741.
(pdftex.def)             Requested size: 269.80615pt x 123.09906pt.
File: ../images/logo-cim.jpg Graphic file (type jpg)
<use ../images/logo-cim.jpg>
Package pdftex.def Info: ../images/logo-cim.jpg  used on input line 741.
(pdftex.def)             Requested size: 42.66417pt x 42.67912pt.
 [80

 <../images/icon.jpg>]
File: ../images/logo-cim.jpg Graphic file (type jpg)
<use ../images/logo-cim.jpg>
Package pdftex.def Info: ../images/logo-cim.jpg  used on input line 747.
(pdftex.def)             Requested size: 42.66417pt x 42.67912pt.
 [81

]
File: ../images/logo-cim.jpg Graphic file (type jpg)
<use ../images/logo-cim.jpg>
Package pdftex.def Info: ../images/logo-cim.jpg  used on input line 757.
(pdftex.def)             Requested size: 42.66417pt x 42.67912pt.
 [82

]
<../images/checkout1.jpg, id=2227, 204.765pt x 314.3745pt>
File: ../images/checkout1.jpg Graphic file (type jpg)
<use ../images/checkout1.jpg>
Package pdftex.def Info: ../images/checkout1.jpg  used on input line 768.
(pdftex.def)             Requested size: 51.19112pt x 78.59343pt.
<../images/checkout2.jpg, id=2228, 607.67026pt x 392.06474pt>
File: ../images/checkout2.jpg Graphic file (type jpg)
<use ../images/checkout2.jpg>
Package pdftex.def Info: ../images/checkout2.jpg  used on input line 768.
(pdftex.def)             Requested size: 151.91719pt x 98.01595pt.
File: ../images/logo-cim.jpg Graphic file (type jpg)
<use ../images/logo-cim.jpg>
Package pdftex.def Info: ../images/logo-cim.jpg  used on input line 768.
(pdftex.def)             Requested size: 42.66417pt x 42.67912pt.
 [83

 <../images/checkout1.jpg> <../images/checkout2.jpg>]
<../images/checkout3.jpg, id=2254, 426.393pt x 201.1515pt>
File: ../images/checkout3.jpg Graphic file (type jpg)
<use ../images/checkout3.jpg>
Package pdftex.def Info: ../images/checkout3.jpg  used on input line 782.
(pdftex.def)             Requested size: 127.91888pt x 60.3459pt.
File: ../images/logo-cim.jpg Graphic file (type jpg)
<use ../images/logo-cim.jpg>
Package pdftex.def Info: ../images/logo-cim.jpg  used on input line 782.
(pdftex.def)             Requested size: 42.66417pt x 42.67912pt.
 [84

 <../images/checkout3.jpg>]
File: ../images/logo-cim.jpg Graphic file (type jpg)
<use ../images/logo-cim.jpg>
Package pdftex.def Info: ../images/logo-cim.jpg  used on input line 788.
(pdftex.def)             Requested size: 42.66417pt x 42.67912pt.

[85

]
<../images/checkout4.jpg, id=2306, 1156.32pt x 650.43pt>
File: ../images/checkout4.jpg Graphic file (type jpg)
<use ../images/checkout4.jpg>
Package pdftex.def Info: ../images/checkout4.jpg  used on input line 793.
(pdftex.def)             Requested size: 289.07928pt x 162.6071pt.
File: ../images/logo-cim.jpg Graphic file (type jpg)
<use ../images/logo-cim.jpg>
Package pdftex.def Info: ../images/logo-cim.jpg  used on input line 793.
(pdftex.def)             Requested size: 42.66417pt x 42.67912pt.
 [86

 <../images/checkout4.jpg>]
<../images/commit5.jpg, id=2332, 257.763pt x 399.894pt>
File: ../images/commit5.jpg Graphic file (type jpg)
<use ../images/commit5.jpg>
Package pdftex.def Info: ../images/commit5.jpg  used on input line 805.
(pdftex.def)             Requested size: 77.3295pt x 119.96912pt.
File: ../images/logo-cim.jpg Graphic file (type jpg)
<use ../images/logo-cim.jpg>
Package pdftex.def Info: ../images/logo-cim.jpg  used on input line 805.
(pdftex.def)             Requested size: 42.66417pt x 42.67912pt.
 [87

 <../images/commit5.jpg>]
<../images/commentaire.jpg, id=2358, 682.9515pt x 422.17725pt>
File: ../images/commentaire.jpg Graphic file (type jpg)
<use ../images/commentaire.jpg>
Package pdftex.def Info: ../images/commentaire.jpg  used on input line 810.
(pdftex.def)             Requested size: 273.17575pt x 168.8679pt.
File: ../images/logo-cim.jpg Graphic file (type jpg)
<use ../images/logo-cim.jpg>
Package pdftex.def Info: ../images/logo-cim.jpg  used on input line 810.
(pdftex.def)             Requested size: 42.66417pt x 42.67912pt.
 [88

 <../images/commentaire.jpg>]
File: ../images/logo-cim.jpg Graphic file (type jpg)
<use ../images/logo-cim.jpg>
Package pdftex.def Info: ../images/logo-cim.jpg  used on input line 816.
(pdftex.def)             Requested size: 42.66417pt x 42.67912pt.
 [89

]
<../images/update1.jpg, id=2409, 227.04825pt x 387.24675pt>
File: ../images/update1.jpg Graphic file (type jpg)
<use ../images/update1.jpg>
Package pdftex.def Info: ../images/update1.jpg  used on input line 828.
(pdftex.def)             Requested size: 68.11499pt x 116.17491pt.
File: ../images/logo-cim.jpg Graphic file (type jpg)
<use ../images/logo-cim.jpg>
Package pdftex.def Info: ../images/logo-cim.jpg  used on input line 828.
(pdftex.def)             Requested size: 42.66417pt x 42.67912pt.
 [90

 <../images/update1.jpg>]
File: ../images/logo-cim.jpg Graphic file (type jpg)
<use ../images/logo-cim.jpg>
Package pdftex.def Info: ../images/logo-cim.jpg  used on input line 835.
(pdftex.def)             Requested size: 42.66417pt x 42.67912pt.
 [91

]
File: ../images/logo-cim.jpg Graphic file (type jpg)
<use ../images/logo-cim.jpg>
Package pdftex.def Info: ../images/logo-cim.jpg  used on input line 846.
(pdftex.def)             Requested size: 42.66417pt x 42.67912pt.
 [92

]
<../images/conflit3.jpg, id=2486, 701.019pt x 328.22626pt>
File: ../images/conflit3.jpg Graphic file (type jpg)
<use ../images/conflit3.jpg>
Package pdftex.def Info: ../images/conflit3.jpg  used on input line 850.
(pdftex.def)             Requested size: 350.50864pt x 164.11272pt.

Overfull \hbox (43.21877pt too wide) in paragraph at lines 850--850
[][]  
 []

File: ../images/logo-cim.jpg Graphic file (type jpg)
<use ../images/logo-cim.jpg>
Package pdftex.def Info: ../images/logo-cim.jpg  used on input line 850.
(pdftex.def)             Requested size: 42.66417pt x 42.67912pt.
[93

 <../images/conflit3.jpg>]
<../images/conflit4.jpg, id=2512, 289.68225pt x 254.1495pt>
File: ../images/conflit4.jpg Graphic file (type jpg)
<use ../images/conflit4.jpg>
Package pdftex.def Info: ../images/conflit4.jpg  used on input line 860.
(pdftex.def)             Requested size: 144.84076pt x 127.07443pt.
File: ../images/logo-cim.jpg Graphic file (type jpg)
<use ../images/logo-cim.jpg>
Package pdftex.def Info: ../images/logo-cim.jpg  used on input line 860.
(pdftex.def)             Requested size: 42.66417pt x 42.67912pt.
 [94

 <../images/conflit4.jpg>]
File: ../images/logo-cim.jpg Graphic file (type jpg)
<use ../images/logo-cim.jpg>
Package pdftex.def Info: ../images/logo-cim.jpg  used on input line 874.
(pdftex.def)             Requested size: 42.66417pt x 42.67912pt.
 [95

]
<../images/conflit5.jpg, id=2563, 1122.594pt x 348.70274pt>
File: ../images/conflit5.jpg Graphic file (type jpg)
<use ../images/conflit5.jpg>
Package pdftex.def Info: ../images/conflit5.jpg  used on input line 878.
(pdftex.def)             Requested size: 336.78079pt x 104.61162pt.

Overfull \hbox (29.49092pt too wide) in paragraph at lines 878--878
[][]  
 []

File: ../images/logo-cim.jpg Graphic file (type jpg)
<use ../images/logo-cim.jpg>
Package pdftex.def Info: ../images/logo-cim.jpg  used on input line 878.
(pdftex.def)             Requested size: 42.66417pt x 42.67912pt.
[96

 <../images/conflit5.jpg>]
File: ../images/logo-cim.jpg Graphic file (type jpg)
<use ../images/logo-cim.jpg>
Package pdftex.def Info: ../images/logo-cim.jpg  used on input line 885.
(pdftex.def)             Requested size: 42.66417pt x 42.67912pt.
 [97

]
File: ../images/logo-cim.jpg Graphic file (type jpg)
<use ../images/logo-cim.jpg>
Package pdftex.def Info: ../images/logo-cim.jpg  used on input line 896.
(pdftex.def)             Requested size: 42.66417pt x 42.67912pt.
 [98

]
<../images/etiquetage1.jpg, id=2640, 360.1455pt x 296.90926pt>
File: ../images/etiquetage1.jpg Graphic file (type jpg)
<use ../images/etiquetage1.jpg>
Package pdftex.def Info: ../images/etiquetage1.jpg  used on input line 901.
(pdftex.def)             Requested size: 252.10011pt x 207.83505pt.
File: ../images/logo-cim.jpg Graphic file (type jpg)
<use ../images/logo-cim.jpg>
Package pdftex.def Info: ../images/logo-cim.jpg  used on input line 901.
(pdftex.def)             Requested size: 42.66417pt x 42.67912pt.
 [99

 <../images/etiquetage1.jpg>]
File: ../images/logo-cim.jpg Graphic file (type jpg)
<use ../images/logo-cim.jpg>
Package pdftex.def Info: ../images/logo-cim.jpg  used on input line 918.
(pdftex.def)             Requested size: 42.66417pt x 42.67912pt.

[100

]
<../images/etiquetage2.jpg, id=2691, 984.0765pt x 439.6425pt>
File: ../images/etiquetage2.jpg Graphic file (type jpg)
<use ../images/etiquetage2.jpg>
Package pdftex.def Info: ../images/etiquetage2.jpg  used on input line 923.
(pdftex.def)             Requested size: 492.03705pt x 219.82071pt.

Overfull \hbox (184.74718pt too wide) in paragraph at lines 923--923
[][]  
 []

File: ../images/logo-cim.jpg Graphic file (type jpg)
<use ../images/logo-cim.jpg>
Package pdftex.def Info: ../images/logo-cim.jpg  used on input line 923.
(pdftex.def)             Requested size: 42.66417pt x 42.67912pt.
[101

 <../images/etiquetage2.jpg>]
File: ../images/logo-cim.jpg Graphic file (type jpg)
<use ../images/logo-cim.jpg>
Package pdftex.def Info: ../images/logo-cim.jpg  used on input line 930.
(pdftex.def)             Requested size: 42.66417pt x 42.67912pt.
 [102

]
File: ../images/logo-cim.jpg Graphic file (type jpg)
<use ../images/logo-cim.jpg>
Package pdftex.def Info: ../images/logo-cim.jpg  used on input line 946.
(pdftex.def)             Requested size: 42.66417pt x 42.67912pt.
 [103

]
File: ../images/etiquetage1.jpg Graphic file (type jpg)
<use ../images/etiquetage1.jpg>
Package pdftex.def Info: ../images/etiquetage1.jpg  used on input line 951.
(pdftex.def)             Requested size: 252.10011pt x 207.83505pt.
File: ../images/logo-cim.jpg Graphic file (type jpg)
<use ../images/logo-cim.jpg>
Package pdftex.def Info: ../images/logo-cim.jpg  used on input line 951.
(pdftex.def)             Requested size: 42.66417pt x 42.67912pt.
 [104

]
File: ../images/logo-cim.jpg Graphic file (type jpg)
<use ../images/logo-cim.jpg>
Package pdftex.def Info: ../images/logo-cim.jpg  used on input line 962.
(pdftex.def)             Requested size: 42.66417pt x 42.67912pt.
 [105

]
<../images/etiquetage3.jpg, id=2819, 474.573pt x 299.9205pt>
File: ../images/etiquetage3.jpg Graphic file (type jpg)
<use ../images/etiquetage3.jpg>
Package pdftex.def Info: ../images/etiquetage3.jpg  used on input line 967.
(pdftex.def)             Requested size: 332.19884pt x 209.9429pt.

Overfull \hbox (24.90897pt too wide) in paragraph at lines 967--967
[][]  
 []

File: ../images/logo-cim.jpg Graphic file (type jpg)
<use ../images/logo-cim.jpg>
Package pdftex.def Info: ../images/logo-cim.jpg  used on input line 967.
(pdftex.def)             Requested size: 42.66417pt x 42.67912pt.
[106

 <../images/etiquetage3.jpg>]
File: ../images/logo-cim.jpg Graphic file (type jpg)
<use ../images/logo-cim.jpg>
Package pdftex.def Info: ../images/logo-cim.jpg  used on input line 977.
(pdftex.def)             Requested size: 42.66417pt x 42.67912pt.
 [107

]
File: ../images/logo-cim.jpg Graphic file (type jpg)
<use ../images/logo-cim.jpg>
Package pdftex.def Info: ../images/logo-cim.jpg  used on input line 984.
(pdftex.def)             Requested size: 42.66417pt x 42.67912pt.
 [108

]
<../images/merge.jpg, id=2895, 698.61pt x 99.37125pt>
File: ../images/merge.jpg Graphic file (type jpg)
<use ../images/merge.jpg>
Package pdftex.def Info: ../images/merge.jpg  used on input line 998.
(pdftex.def)             Requested size: 349.30414pt x 49.6855pt.

Overfull \hbox (42.01427pt too wide) in paragraph at lines 998--998
[]  
 []

File: ../images/logo-cim.jpg Graphic file (type jpg)
<use ../images/logo-cim.jpg>
Package pdftex.def Info: ../images/logo-cim.jpg  used on input line 998.
(pdftex.def)             Requested size: 42.66417pt x 42.67912pt.
[109

 <../images/merge.jpg>]

LaTeX Font Warning: Font shape `OT1/cmss/b/n' undefined
(Font)              using `OT1/cmss/m/n' instead on input line 1009.


LaTeX Warning: Reference `chekout' on page 110 undefined on input line 1009.

File: ../images/logo-cim.jpg Graphic file (type jpg)
<use ../images/logo-cim.jpg>
Package pdftex.def Info: ../images/logo-cim.jpg  used on input line 1009.
(pdftex.def)             Requested size: 42.66417pt x 42.67912pt.
[110

]
<../images/merge1.jpg, id=2949, 246.32025pt x 212.59425pt>
File: ../images/merge1.jpg Graphic file (type jpg)
<use ../images/merge1.jpg>
Package pdftex.def Info: ../images/merge1.jpg  used on input line 1014.
(pdftex.def)             Requested size: 246.31964pt x 212.59372pt.
File: ../images/logo-cim.jpg Graphic file (type jpg)
<use ../images/logo-cim.jpg>
Package pdftex.def Info: ../images/logo-cim.jpg  used on input line 1014.
(pdftex.def)             Requested size: 42.66417pt x 42.67912pt.
 [111

 <../images/merge1.jpg>]
<../images/merge2.jpg, id=2975, 234.27525pt x 213.79875pt>
File: ../images/merge2.jpg Graphic file (type jpg)
<use ../images/merge2.jpg>
Package pdftex.def Info: ../images/merge2.jpg  used on input line 1024.
(pdftex.def)             Requested size: 163.99155pt x 149.6581pt.
File: ../images/logo-cim.jpg Graphic file (type jpg)
<use ../images/logo-cim.jpg>
Package pdftex.def Info: ../images/logo-cim.jpg  used on input line 1024.
(pdftex.def)             Requested size: 42.66417pt x 42.67912pt.
 [112

 <../images/merge2.jpg>]
File: ../images/logo-cim.jpg Graphic file (type jpg)
<use ../images/logo-cim.jpg>
Package pdftex.def Info: ../images/logo-cim.jpg  used on input line 1035.
(pdftex.def)             Requested size: 42.66417pt x 42.67912pt.
 [113

]
<../images/merge3.jpg, id=3026, 475.17525pt x 212.59425pt>
File: ../images/merge3.jpg Graphic file (type jpg)
<use ../images/merge3.jpg>
Package pdftex.def Info: ../images/merge3.jpg  used on input line 1040.
(pdftex.def)             Requested size: 332.6204pt x 148.81494pt.

Overfull \hbox (25.33054pt too wide) in paragraph at lines 1040--1040
[][]  
 []

File: ../images/logo-cim.jpg Graphic file (type jpg)
<use ../images/logo-cim.jpg>
Package pdftex.def Info: ../images/logo-cim.jpg  used on input line 1040.
(pdftex.def)             Requested size: 42.66417pt x 42.67912pt.
[114

 <../images/merge3.jpg>]
<../images/merge4.jpg, id=3052, 247.52475pt x 227.6505pt>
File: ../images/merge4.jpg Graphic file (type jpg)
<use ../images/merge4.jpg>
Package pdftex.def Info: ../images/merge4.jpg  used on input line 1052.
(pdftex.def)             Requested size: 173.26613pt x 159.35425pt.
File: ../images/logo-cim.jpg Graphic file (type jpg)
<use ../images/logo-cim.jpg>
Package pdftex.def Info: ../images/logo-cim.jpg  used on input line 1052.
(pdftex.def)             Requested size: 42.66417pt x 42.67912pt.
 [115

 <../images/merge4.jpg>]
File: ../images/logo-cim.jpg Graphic file (type jpg)
<use ../images/logo-cim.jpg>
Package pdftex.def Info: ../images/logo-cim.jpg  used on input line 1064.
(pdftex.def)             Requested size: 42.66417pt x 42.67912pt.
 [116

]
\tf@nav=\write6
\openout6 = `MemoAdmin.nav'.

\tf@toc=\write7
\openout7 = `MemoAdmin.toc'.

\tf@snm=\write8
\openout8 = `MemoAdmin.snm'.

Package atveryend Info: Empty hook `BeforeClearDocument' on input line 1065.
Package atveryend Info: Empty hook `AfterLastShipout' on input line 1065.
 (MemoAdmin.aux)
Package atveryend Info: Executing hook `AtVeryEndDocument' on input line 1065.
Package atveryend Info: Executing hook `AtEndAfterFileList' on input line 1065.

Package rerunfilecheck Info: File `MemoAdmin.out' has not changed.
(rerunfilecheck)             Checksum: C2848FDD730FBC5A1E4FCC22CA7E8657;493.

LaTeX Font Warning: Some font shapes were not available, defaults substituted.


LaTeX Warning: There were undefined references.

 ) 
Here is how much of TeX's memory you used:
 18582 strings out of 492895
 362022 string characters out of 3119533
 416986 words of memory out of 3000000
 21749 multiletter control sequences out of 15000+200000
 15509 words of font info for 56 fonts, out of 3000000 for 9000
 1141 hyphenation exceptions out of 8191
 56i,14n,61p,805b,736s stack positions out of 5000i,500n,10000p,200000b,50000s
pdfTeX warning (dest): name{chekout} has been referenced but does not exist, 
replaced by a fixed one

<C:/Users/h.houekpetodji/AppData/Local/Programs/MiKTeX 2.9/fonts/type1/public/a
msfonts/cm/cmss10.pfb><C:/Users/h.houekpetodji/AppData/Local/Programs/MiKTeX 2.
9/fonts/type1/public/amsfonts/cm/cmss12.pfb><C:/Users/h.houekpetodji/AppData/Lo
cal/Programs/MiKTeX 2.9/fonts/type1/public/amsfonts/cm/cmss17.pfb><C:/Users/h.h
ouekpetodji/AppData/Local/Programs/MiKTeX 2.9/fonts/type1/public/amsfonts/cm/cm
ss8.pfb><C:/Users/h.houekpetodji/AppData/Local/Programs/MiKTeX 2.9/fonts/type1/
public/amsfonts/cm/cmssi10.pfb><C:/Users/h.houekpetodji/AppData/Local/Programs/
MiKTeX 2.9/fonts/type1/public/amsfonts/cm/cmssi8.pfb><C:/Users/h.houekpetodji/A
ppData/Local/Programs/MiKTeX 2.9/fonts/type1/public/amsfonts/cm/cmsy10.pfb><C:/
Users/h.houekpetodji/AppData/Local/Programs/MiKTeX 2.9/fonts/type1/public/amsfo
nts/symbols/msam10.pfb>
Output written on MemoAdmin.pdf (116 pages, 7556307 bytes).
PDF statistics:
 3186 PDF objects out of 3580 (max. 8388607)
 246 named destinations out of 1000 (max. 500000)
 419 words of extra memory for PDF output out of 10000 (max. 10000000)

